#
# There is insufficient memory for the Java Runtime Environment to continue.
# Native memory allocation (mmap) failed to map 65536 bytes for Failed to commit metaspace.
# Possible reasons:
#   The system is out of physical RAM or swap space
#   The process is running with CompressedOops enabled, and the Java Heap may be blocking the growth of the native heap
# Possible solutions:
#   Reduce memory load on the system
#   Increase physical memory or swap space
#   Check if swap backing store is full
#   Decrease Java heap size (-Xmx/-Xms)
#   Decrease number of Java threads
#   Decrease Java thread stack sizes (-Xss)
#   Set larger code cache with -XX:ReservedCodeCacheSize=
#   JVM is running with Unscaled Compressed Oops mode in which the Java heap is
#     placed in the first 4GB address space. The Java Heap base address is the
#     maximum limit for the native heap growth. Please use -XX:HeapBaseMinAddress
#     to set the Java Heap base and to place the Java Heap above 4GB virtual address.
# This output file may be truncated or incomplete.
#
#  Out of Memory Error (virtualSpaceNode.cpp:110), pid=9652, tid=16768
#
# JRE version: OpenJDK Runtime Environment Temurin-17.0.3+7 (17.0.3+7) (build 17.0.3+7)
# Java VM: OpenJDK 64-Bit Server VM Temurin-17.0.3+7 (17.0.3+7, mixed mode, tiered, compressed oops, compressed class ptrs, parallel gc, windows-amd64)
# No core dump will be written. Minidumps are not enabled by default on client versions of Windows
#

---------------  S U M M A R Y ------------

Command Line: --add-modules=ALL-SYSTEM --add-opens=java.base/java.util=ALL-UNNAMED --add-opens=java.base/java.lang=ALL-UNNAMED --add-opens=java.base/sun.nio.fs=ALL-UNNAMED -Declipse.application=org.eclipse.jdt.ls.core.id1 -Dosgi.bundles.defaultStartLevel=4 -Declipse.product=org.eclipse.jdt.ls.core.product -Djava.import.generatesMetadataFilesAtProjectRoot=false -Dfile.encoding=utf8 -DwatchParentProcess=false -XX:+UseParallelGC -XX:GCTimeRatio=4 -XX:AdaptiveSizePolicyWeight=90 -Dsun.zip.disableMemoryMapping=true -Xmx1G -Xms100m -XX:+HeapDumpOnOutOfMemoryError -XX:HeapDumpPath=c:\Users\huyvu\AppData\Roaming\Code\User\workspaceStorage\310357112df2df35eaca3c38d8a08810\redhat.java c:\Users\huyvu\.vscode\extensions\redhat.java-1.8.0-win32-x64\server\plugins\org.eclipse.equinox.launcher_1.6.400.v20210924-0641.jar -configuration c:\Users\huyvu\AppData\Roaming\Code\User\globalStorage\redhat.java\1.8.0\config_win -data c:\Users\huyvu\AppData\Roaming\Code\User\workspaceStorage\310357112df2df35eaca3c38d8a08810\redhat.java\jdt_ws

Host: Intel(R) Core(TM) i5-6300HQ CPU @ 2.30GHz, 4 cores, 7G,  Windows 11 , 64 bit Build 22000 (10.0.22000.708)
Time: Tue Jul 19 16:35:46 2022 SE Asia Standard Time elapsed time: 3.491911 seconds (0d 0h 0m 3s)

---------------  T H R E A D  ---------------

Current thread (0x0000026fb81139f0):  JavaThread "Start Level: Equinox Container: bd6dc0ea-2b52-433e-a0be-96554445acbc" daemon [_thread_in_vm, id=16768, stack(0x000000cd61000000,0x000000cd61100000)]

Stack: [0x000000cd61000000,0x000000cd61100000]
Native frames: (J=compiled Java code, j=interpreted, Vv=VM code, C=native code)
V  [jvm.dll+0x675efa]
V  [jvm.dll+0x830a24]
V  [jvm.dll+0x8321ce]
V  [jvm.dll+0x832833]
V  [jvm.dll+0x2454b5]
V  [jvm.dll+0x82c9cb]
V  [jvm.dll+0x61ab26]
V  [jvm.dll+0x1c046e]
V  [jvm.dll+0x61d471]
V  [jvm.dll+0x61b4c6]
V  [jvm.dll+0x625317]
V  [jvm.dll+0x1ea19b]
V  [jvm.dll+0x1ea6d5]
V  [jvm.dll+0x1eb10f]
V  [jvm.dll+0x1e05b1]
V  [jvm.dll+0x53bb80]
V  [jvm.dll+0x7aba28]
V  [jvm.dll+0x7abb14]
V  [jvm.dll+0x40c7c5]
V  [jvm.dll+0x4129b8]
C  [java.dll+0x17ec]

Java frames: (J=compiled Java code, j=interpreted, Vv=VM code)
J 955  java.lang.ClassLoader.defineClass1(Ljava/lang/ClassLoader;Ljava/lang/String;[BIILjava/security/ProtectionDomain;Ljava/lang/String;)Ljava/lang/Class; java.base@17.0.3 (0 bytes) @ 0x0000026fac7aecdb [0x0000026fac7aec20+0x00000000000000bb]
J 2027 c1 java.lang.ClassLoader.defineClass(Ljava/lang/String;[BIILjava/security/ProtectionDomain;)Ljava/lang/Class; java.base@17.0.3 (43 bytes) @ 0x0000026fa5601e04 [0x0000026fa5601ce0+0x0000000000000124]
J 2292 c1 org.eclipse.osgi.internal.loader.ModuleClassLoader.defineClass(Ljava/lang/String;[BLorg/eclipse/osgi/internal/loader/classpath/ClasspathEntry;)Lorg/eclipse/osgi/internal/loader/ModuleClassLoader$DefineClassResult; (138 bytes) @ 0x0000026fa56857e4 [0x0000026fa56856e0+0x0000000000000104]
J 2576 c1 org.eclipse.osgi.internal.loader.classpath.ClasspathManager.defineClass(Ljava/lang/String;[BLorg/eclipse/osgi/internal/loader/classpath/ClasspathEntry;Lorg/eclipse/osgi/storage/bundlefile/BundleEntry;Ljava/util/List;)Ljava/lang/Class; (636 bytes) @ 0x0000026fa5727034 [0x0000026fa5725660+0x00000000000019d4]
J 2783 c1 org.eclipse.osgi.internal.loader.classpath.ClasspathManager.findClassImpl(Ljava/lang/String;Lorg/eclipse/osgi/internal/loader/classpath/ClasspathEntry;Ljava/util/List;)Ljava/lang/Class; (308 bytes) @ 0x0000026fa57a0f3c [0x0000026fa579e1c0+0x0000000000002d7c]
J 2569 c1 org.eclipse.osgi.internal.loader.classpath.ClasspathManager.findLocalClassImpl(Ljava/lang/String;[Lorg/eclipse/osgi/internal/loader/classpath/ClasspathEntry;Ljava/util/List;)Ljava/lang/Class; (55 bytes) @ 0x0000026fa57238cc [0x0000026fa5723740+0x000000000000018c]
J 2284 c1 org.eclipse.osgi.internal.loader.classpath.ClasspathManager.findLocalClassImpl(Ljava/lang/String;Ljava/util/List;)Ljava/lang/Class; (132 bytes) @ 0x0000026fa567d9dc [0x0000026fa567d880+0x000000000000015c]
J 2427 c1 org.eclipse.osgi.internal.loader.classpath.ClasspathManager.findLocalClass(Ljava/lang/String;)Ljava/lang/Class; (210 bytes) @ 0x0000026fa56b6dbc [0x0000026fa56b6120+0x0000000000000c9c]
J 2282 c1 org.eclipse.osgi.internal.loader.BundleLoader.findLocalClass(Ljava/lang/String;)Ljava/lang/Class; (152 bytes) @ 0x0000026fa567c57c [0x0000026fa567c380+0x00000000000001fc]
J 2438 c1 org.eclipse.osgi.internal.loader.sources.SingleSourcePackage.loadClass(Ljava/lang/String;)Ljava/lang/Class; (9 bytes) @ 0x0000026fa56d3f3c [0x0000026fa56d3e40+0x00000000000000fc]
J 2806 c1 org.eclipse.osgi.internal.loader.BundleLoader.findClass0(Ljava/lang/String;ZZ)Ljava/lang/Class; (466 bytes) @ 0x0000026fa57b26ac [0x0000026fa57b0180+0x000000000000252c]
J 1993 c1 org.eclipse.osgi.internal.loader.BundleLoader.findClass(Ljava/lang/String;)Ljava/lang/Class; (8 bytes) @ 0x0000026fa55f6e04 [0x0000026fa55f6da0+0x0000000000000064]
J 2026 c1 org.eclipse.osgi.internal.loader.ModuleClassLoader.loadClass(Ljava/lang/String;Z)Ljava/lang/Class; (20 bytes) @ 0x0000026fa5601834 [0x0000026fa56017c0+0x0000000000000074]
J 710 c1 java.lang.ClassLoader.loadClass(Ljava/lang/String;)Ljava/lang/Class; java.base@17.0.3 (7 bytes) @ 0x0000026fa534f33c [0x0000026fa534f240+0x00000000000000fc]
v  ~StubRoutines::call_stub
j  java.lang.Class.getDeclaredMethods0(Z)[Ljava/lang/reflect/Method;+0 java.base@17.0.3
j  java.lang.Class.privateGetDeclaredMethods(Z)[Ljava/lang/reflect/Method;+34 java.base@17.0.3
j  java.lang.Class.getDeclaredMethod(Ljava/lang/String;[Ljava/lang/Class;)Ljava/lang/reflect/Method;+25 java.base@17.0.3
j  org.apache.felix.scr.impl.inject.methods.BaseMethod.getMethod(Ljava/lang/Class;Ljava/lang/String;[Ljava/lang/Class;ZZLorg/apache/felix/scr/impl/logger/ComponentLogger;)Ljava/lang/reflect/Method;+3
j  org.apache.felix.scr.impl.inject.methods.ActivateMethod.doFindMethod(Ljava/lang/Class;ZZLorg/apache/felix/scr/impl/logger/ComponentLogger;)Lorg/apache/felix/scr/impl/inject/methods/BaseMethod$MethodInfo;+23
j  org.apache.felix.scr.impl.inject.methods.BaseMethod.findMethod(Lorg/apache/felix/scr/impl/logger/ComponentLogger;)Lorg/apache/felix/scr/impl/inject/methods/BaseMethod$MethodInfo;+103
j  org.apache.felix.scr.impl.inject.methods.BaseMethod.access$400(Lorg/apache/felix/scr/impl/inject/methods/BaseMethod;Lorg/apache/felix/scr/impl/logger/ComponentLogger;)Lorg/apache/felix/scr/impl/inject/methods/BaseMethod$MethodInfo;+2
j  org.apache.felix.scr.impl.inject.methods.BaseMethod$NotResolved.resolve(Lorg/apache/felix/scr/impl/inject/methods/BaseMethod;Lorg/apache/felix/scr/impl/logger/ComponentLogger;)V+34
j  org.apache.felix.scr.impl.inject.methods.BaseMethod$NotResolved.methodExists(Lorg/apache/felix/scr/impl/inject/methods/BaseMethod;Lorg/apache/felix/scr/impl/logger/ComponentLogger;)Z+3
j  org.apache.felix.scr.impl.inject.methods.BaseMethod.methodExists(Lorg/apache/felix/scr/impl/logger/ComponentLogger;)Z+6
j  org.apache.felix.scr.impl.inject.methods.ActivateMethod.invoke(Ljava/lang/Object;Lorg/apache/felix/scr/impl/inject/ActivatorParameter;Lorg/apache/felix/scr/impl/inject/MethodResult;)Lorg/apache/felix/scr/impl/inject/MethodResult;+10
j  org.apache.felix.scr.impl.inject.methods.ActivateMethod.invoke(Ljava/lang/Object;Lorg/apache/felix/scr/impl/inject/ScrComponentContext;ILorg/apache/felix/scr/impl/inject/MethodResult;)Lorg/apache/felix/scr/impl/inject/MethodResult;+13
j  org.apache.felix.scr.impl.manager.SingleComponentManager.createImplementationObject(Lorg/osgi/framework/Bundle;Lorg/apache/felix/scr/impl/manager/SingleComponentManager$SetImplementationObject;Lorg/apache/felix/scr/impl/manager/ComponentContextImpl;)Ljava/lang/Object;+580
j  org.apache.felix.scr.impl.manager.SingleComponentManager.createComponent(Lorg/apache/felix/scr/impl/manager/ComponentContextImpl;)Z+35
j  org.apache.felix.scr.impl.manager.SingleComponentManager.getService(Lorg/apache/felix/scr/impl/manager/ComponentContextImpl;)Ljava/lang/Object;+14
j  org.apache.felix.scr.impl.manager.SingleComponentManager.getServiceInternal(Lorg/osgi/framework/ServiceRegistration;)Z+85
j  org.apache.felix.scr.impl.manager.SingleComponentManager.getService(Lorg/osgi/framework/Bundle;Lorg/osgi/framework/ServiceRegistration;)Ljava/lang/Object;+69
j  org.eclipse.osgi.internal.serviceregistry.ServiceFactoryUse$1.run()Ljava/lang/Object;+24
J 2055 c1 java.security.AccessController.doPrivileged(Ljava/security/PrivilegedAction;)Ljava/lang/Object; java.base@17.0.3 (9 bytes) @ 0x0000026fa560bb9c [0x0000026fa560bb40+0x000000000000005c]
j  org.eclipse.osgi.internal.serviceregistry.ServiceFactoryUse.factoryGetService()Ljava/lang/Object;+8
j  org.eclipse.osgi.internal.serviceregistry.ServiceFactoryUse.getService()Ljava/lang/Object;+205
j  org.eclipse.osgi.internal.serviceregistry.ServiceConsumer$2.getService(Lorg/eclipse/osgi/internal/serviceregistry/ServiceUse;)Ljava/lang/Object;+1
j  org.eclipse.osgi.internal.serviceregistry.ServiceRegistrationImpl.getService(Lorg/eclipse/osgi/internal/framework/BundleContextImpl;Lorg/eclipse/osgi/internal/serviceregistry/ServiceConsumer;)Ljava/lang/Object;+229
j  org.eclipse.osgi.internal.serviceregistry.ServiceRegistry.getService(Lorg/eclipse/osgi/internal/framework/BundleContextImpl;Lorg/eclipse/osgi/internal/serviceregistry/ServiceReferenceImpl;)Ljava/lang/Object;+12
j  org.eclipse.osgi.internal.framework.BundleContextImpl.getService(Lorg/osgi/framework/ServiceReference;)Ljava/lang/Object;+35
j  org.apache.felix.scr.impl.manager.SingleRefPair.getServiceObject(Lorg/apache/felix/scr/impl/inject/ScrComponentContext;Lorg/osgi/framework/BundleContext;)Z+5
j  org.apache.felix.scr.impl.inject.field.FieldHandler$ReferenceMethodImpl.getServiceObject(Lorg/apache/felix/scr/impl/inject/BindParameters;Lorg/osgi/framework/BundleContext;)Z+104
j  org.apache.felix.scr.impl.manager.DependencyManager.getServiceObject(Lorg/apache/felix/scr/impl/manager/ComponentContextImpl;Lorg/apache/felix/scr/impl/inject/ReferenceMethod;Lorg/apache/felix/scr/impl/inject/RefPair;)Z+26
j  org.apache.felix.scr.impl.manager.DependencyManager$SingleStaticCustomizer.prebind(Lorg/apache/felix/scr/impl/manager/ComponentContextImpl;)Z+150
j  org.apache.felix.scr.impl.manager.DependencyManager.prebind(Lorg/apache/felix/scr/impl/manager/ComponentContextImpl;)Z+5
j  org.apache.felix.scr.impl.manager.AbstractComponentManager.collectDependencies(Lorg/apache/felix/scr/impl/manager/ComponentContextImpl;)Z+36
j  org.apache.felix.scr.impl.manager.SingleComponentManager.getServiceInternal(Lorg/osgi/framework/ServiceRegistration;)Z+25
j  org.apache.felix.scr.impl.manager.SingleComponentManager.getService(Lorg/osgi/framework/Bundle;Lorg/osgi/framework/ServiceRegistration;)Ljava/lang/Object;+69
j  org.eclipse.osgi.internal.serviceregistry.ServiceFactoryUse$1.run()Ljava/lang/Object;+24
J 2055 c1 java.security.AccessController.doPrivileged(Ljava/security/PrivilegedAction;)Ljava/lang/Object; java.base@17.0.3 (9 bytes) @ 0x0000026fa560bb9c [0x0000026fa560bb40+0x000000000000005c]
j  org.eclipse.osgi.internal.serviceregistry.ServiceFactoryUse.factoryGetService()Ljava/lang/Object;+8
j  org.eclipse.osgi.internal.serviceregistry.ServiceFactoryUse.getService()Ljava/lang/Object;+205
j  org.eclipse.osgi.internal.serviceregistry.ServiceConsumer$2.getService(Lorg/eclipse/osgi/internal/serviceregistry/ServiceUse;)Ljava/lang/Object;+1
j  org.eclipse.osgi.internal.serviceregistry.ServiceRegistrationImpl.getService(Lorg/eclipse/osgi/internal/framework/BundleContextImpl;Lorg/eclipse/osgi/internal/serviceregistry/ServiceConsumer;)Ljava/lang/Object;+229
j  org.eclipse.osgi.internal.serviceregistry.ServiceRegistry.getService(Lorg/eclipse/osgi/internal/framework/BundleContextImpl;Lorg/eclipse/osgi/internal/serviceregistry/ServiceReferenceImpl;)Ljava/lang/Object;+12
j  org.eclipse.osgi.internal.framework.BundleContextImpl.getService(Lorg/osgi/framework/ServiceReference;)Ljava/lang/Object;+35
j  org.apache.felix.scr.impl.manager.SingleRefPair.getServiceObject(Lorg/apache/felix/scr/impl/inject/ScrComponentContext;Lorg/osgi/framework/BundleContext;)Z+5
j  org.apache.felix.scr.impl.inject.field.FieldHandler$ReferenceMethodImpl.getServiceObject(Lorg/apache/felix/scr/impl/inject/BindParameters;Lorg/osgi/framework/BundleContext;)Z+104
j  org.apache.felix.scr.impl.manager.DependencyManager.getServiceObject(Lorg/apache/felix/scr/impl/manager/ComponentContextImpl;Lorg/apache/felix/scr/impl/inject/ReferenceMethod;Lorg/apache/felix/scr/impl/inject/RefPair;)Z+26
j  org.apache.felix.scr.impl.manager.DependencyManager$SingleStaticCustomizer.prebind(Lorg/apache/felix/scr/impl/manager/ComponentContextImpl;)Z+150
j  org.apache.felix.scr.impl.manager.DependencyManager.prebind(Lorg/apache/felix/scr/impl/manager/ComponentContextImpl;)Z+5
j  org.apache.felix.scr.impl.manager.AbstractComponentManager.collectDependencies(Lorg/apache/felix/scr/impl/manager/ComponentContextImpl;)Z+36
j  org.apache.felix.scr.impl.manager.SingleComponentManager.getServiceInternal(Lorg/osgi/framework/ServiceRegistration;)Z+25
j  org.apache.felix.scr.impl.manager.SingleComponentManager.getService(Lorg/osgi/framework/Bundle;Lorg/osgi/framework/ServiceRegistration;)Ljava/lang/Object;+69
j  org.eclipse.osgi.internal.serviceregistry.ServiceFactoryUse$1.run()Ljava/lang/Object;+24
J 2055 c1 java.security.AccessController.doPrivileged(Ljava/security/PrivilegedAction;)Ljava/lang/Object; java.base@17.0.3 (9 bytes) @ 0x0000026fa560bb9c [0x0000026fa560bb40+0x000000000000005c]
j  org.eclipse.osgi.internal.serviceregistry.ServiceFactoryUse.factoryGetService()Ljava/lang/Object;+8
j  org.eclipse.osgi.internal.serviceregistry.ServiceFactoryUse.getService()Ljava/lang/Object;+205
j  org.eclipse.osgi.internal.serviceregistry.ServiceConsumer$2.getService(Lorg/eclipse/osgi/internal/serviceregistry/ServiceUse;)Ljava/lang/Object;+1
j  org.eclipse.osgi.internal.serviceregistry.ServiceRegistrationImpl.getService(Lorg/eclipse/osgi/internal/framework/BundleContextImpl;Lorg/eclipse/osgi/internal/serviceregistry/ServiceConsumer;)Ljava/lang/Object;+229
j  org.eclipse.osgi.internal.serviceregistry.ServiceRegistry.getService(Lorg/eclipse/osgi/internal/framework/BundleContextImpl;Lorg/eclipse/osgi/internal/serviceregistry/ServiceReferenceImpl;)Ljava/lang/Object;+12
j  org.eclipse.osgi.internal.framework.BundleContextImpl.getService(Lorg/osgi/framework/ServiceReference;)Ljava/lang/Object;+35
j  org.apache.felix.scr.impl.manager.SingleRefPair.getServiceObject(Lorg/apache/felix/scr/impl/inject/ScrComponentContext;Lorg/osgi/framework/BundleContext;)Z+5
j  org.apache.felix.scr.impl.inject.methods.BindMethod.getServiceObject(Lorg/apache/felix/scr/impl/inject/BindParameters;Lorg/osgi/framework/BundleContext;)Z+84
j  org.apache.felix.scr.impl.manager.DependencyManager.getServiceObject(Lorg/apache/felix/scr/impl/manager/ComponentContextImpl;Lorg/apache/felix/scr/impl/inject/ReferenceMethod;Lorg/apache/felix/scr/impl/inject/RefPair;)Z+26
j  org.apache.felix.scr.impl.manager.DependencyManager.doInvokeBindMethod(Lorg/apache/felix/scr/impl/manager/ComponentContextImpl;Lorg/apache/felix/scr/impl/inject/ReferenceMethod;Lorg/apache/felix/scr/impl/inject/RefPair;I)Z+4
j  org.apache.felix.scr.impl.manager.DependencyManager.invokeBindMethod(Lorg/apache/felix/scr/impl/manager/ComponentContextImpl;Lorg/apache/felix/scr/impl/inject/RefPair;ILorg/apache/felix/scr/impl/manager/EdgeInfo;)Z+60
j  org.apache.felix.scr.impl.manager.SingleComponentManager.invokeBindMethod(Lorg/apache/felix/scr/impl/manager/DependencyManager;Lorg/apache/felix/scr/impl/inject/RefPair;I)V+26
j  org.apache.felix.scr.impl.manager.DependencyManager$MultipleDynamicCustomizer.addedService(Lorg/osgi/framework/ServiceReference;Lorg/apache/felix/scr/impl/inject/RefPair;IILorg/apache/felix/scr/impl/manager/ExtendedServiceEvent;)V+128
j  org.apache.felix.scr.impl.manager.DependencyManager$MultipleDynamicCustomizer.addedService(Lorg/osgi/framework/ServiceReference;Ljava/lang/Object;IILorg/osgi/framework/ServiceEvent;)V+14
j  org.apache.felix.scr.impl.manager.ServiceTracker$Tracked.customizerAdded(Lorg/osgi/framework/ServiceReference;Lorg/osgi/framework/ServiceEvent;Ljava/lang/Object;II)V+14
j  org.apache.felix.scr.impl.manager.ServiceTracker$Tracked.customizerAdded(Ljava/lang/Object;Ljava/lang/Object;Ljava/lang/Object;II)V+14
j  org.apache.felix.scr.impl.manager.ServiceTracker$AbstractTracked.trackAdding(Ljava/lang/Object;Ljava/lang/Object;)V+207
j  org.apache.felix.scr.impl.manager.ServiceTracker$AbstractTracked.track(Ljava/lang/Object;Ljava/lang/Object;)V+104
j  org.apache.felix.scr.impl.manager.ServiceTracker$Tracked.serviceChanged(Lorg/osgi/framework/ServiceEvent;)V+67
j  org.apache.felix.scr.impl.BundleComponentActivator$ListenerInfo.serviceChanged(Lorg/osgi/framework/ServiceEvent;)V+66
J 2436 c1 org.eclipse.osgi.internal.serviceregistry.FilteredServiceListener.serviceChanged(Lorg/osgi/framework/ServiceEvent;)V (284 bytes) @ 0x0000026fa56d0834 [0x0000026fa56ce560+0x00000000000022d4]
J 2433 c1 org.eclipse.osgi.internal.framework.BundleContextImpl.dispatchEvent(Ljava/lang/Object;Ljava/lang/Object;ILjava/lang/Object;)V (558 bytes) @ 0x0000026fa56c7b54 [0x0000026fa56c4aa0+0x00000000000030b4]
J 1505 c1 org.eclipse.osgi.framework.eventmgr.EventManager.dispatchEvent(Ljava/util/Set;Lorg/eclipse/osgi/framework/eventmgr/EventDispatcher;ILjava/lang/Object;)V (69 bytes) @ 0x0000026fa54ff174 [0x0000026fa54feca0+0x00000000000004d4]
J 2418 c1 org.eclipse.osgi.framework.eventmgr.ListenerQueue.dispatchEventSynchronous(ILjava/lang/Object;)V (81 bytes) @ 0x0000026fa56ab54c [0x0000026fa56ab320+0x000000000000022c]
j  org.eclipse.osgi.internal.serviceregistry.ServiceRegistry.publishServiceEventPrivileged(Lorg/osgi/framework/ServiceEvent;)V+320
j  org.eclipse.osgi.internal.serviceregistry.ServiceRegistry.publishServiceEvent(Lorg/osgi/framework/ServiceEvent;)V+8
j  org.eclipse.osgi.internal.serviceregistry.ServiceRegistrationImpl.register(Ljava/util/Dictionary;)V+128
j  org.eclipse.osgi.internal.serviceregistry.ServiceRegistry.registerService(Lorg/eclipse/osgi/internal/framework/BundleContextImpl;[Ljava/lang/String;Ljava/lang/Object;Ljava/util/Dictionary;)Lorg/eclipse/osgi/internal/serviceregistry/ServiceRegistrationImpl;+298
j  org.eclipse.osgi.internal.framework.BundleContextImpl.registerService([Ljava/lang/String;Ljava/lang/Object;Ljava/util/Dictionary;)Lorg/osgi/framework/ServiceRegistration;+15
j  org.apache.felix.scr.impl.manager.AbstractComponentManager$3.register([Ljava/lang/String;)Lorg/osgi/framework/ServiceRegistration;+32
j  org.apache.felix.scr.impl.manager.AbstractComponentManager$3.register([Ljava/lang/String;)Ljava/lang/Object;+2
j  org.apache.felix.scr.impl.manager.RegistrationManager.changeRegistration(Lorg/apache/felix/scr/impl/manager/RegistrationManager$RegState;[Ljava/lang/String;)Z+697
j  org.apache.felix.scr.impl.manager.AbstractComponentManager.registerService()Z+17
j  org.apache.felix.scr.impl.manager.AbstractComponentManager.activateInternal()V+344
j  org.apache.felix.scr.impl.manager.DependencyManager$SingleStaticCustomizer.addedService(Lorg/osgi/framework/ServiceReference;Lorg/apache/felix/scr/impl/inject/RefPair;IILorg/apache/felix/scr/impl/manager/ExtendedServiceEvent;)V+267
j  org.apache.felix.scr.impl.manager.DependencyManager$SingleStaticCustomizer.addedService(Lorg/osgi/framework/ServiceReference;Ljava/lang/Object;IILorg/osgi/framework/ServiceEvent;)V+14
j  org.apache.felix.scr.impl.manager.ServiceTracker$Tracked.customizerAdded(Lorg/osgi/framework/ServiceReference;Lorg/osgi/framework/ServiceEvent;Ljava/lang/Object;II)V+14
j  org.apache.felix.scr.impl.manager.ServiceTracker$Tracked.customizerAdded(Ljava/lang/Object;Ljava/lang/Object;Ljava/lang/Object;II)V+14
j  org.apache.felix.scr.impl.manager.ServiceTracker$AbstractTracked.trackAdding(Ljava/lang/Object;Ljava/lang/Object;)V+207
j  org.apache.felix.scr.impl.manager.ServiceTracker$AbstractTracked.track(Ljava/lang/Object;Ljava/lang/Object;)V+104
j  org.apache.felix.scr.impl.manager.ServiceTracker$Tracked.serviceChanged(Lorg/osgi/framework/ServiceEvent;)V+67
j  org.apache.felix.scr.impl.BundleComponentActivator$ListenerInfo.serviceChanged(Lorg/osgi/framework/ServiceEvent;)V+66
J 2436 c1 org.eclipse.osgi.internal.serviceregistry.FilteredServiceListener.serviceChanged(Lorg/osgi/framework/ServiceEvent;)V (284 bytes) @ 0x0000026fa56d0834 [0x0000026fa56ce560+0x00000000000022d4]
J 2433 c1 org.eclipse.osgi.internal.framework.BundleContextImpl.dispatchEvent(Ljava/lang/Object;Ljava/lang/Object;ILjava/lang/Object;)V (558 bytes) @ 0x0000026fa56c7b54 [0x0000026fa56c4aa0+0x00000000000030b4]
J 1505 c1 org.eclipse.osgi.framework.eventmgr.EventManager.dispatchEvent(Ljava/util/Set;Lorg/eclipse/osgi/framework/eventmgr/EventDispatcher;ILjava/lang/Object;)V (69 bytes) @ 0x0000026fa54ff174 [0x0000026fa54feca0+0x00000000000004d4]
J 2418 c1 org.eclipse.osgi.framework.eventmgr.ListenerQueue.dispatchEventSynchronous(ILjava/lang/Object;)V (81 bytes) @ 0x0000026fa56ab54c [0x0000026fa56ab320+0x000000000000022c]
j  org.eclipse.osgi.internal.serviceregistry.ServiceRegistry.publishServiceEventPrivileged(Lorg/osgi/framework/ServiceEvent;)V+320
j  org.eclipse.osgi.internal.serviceregistry.ServiceRegistry.publishServiceEvent(Lorg/osgi/framework/ServiceEvent;)V+8
j  org.eclipse.osgi.internal.serviceregistry.ServiceRegistrationImpl.register(Ljava/util/Dictionary;)V+128
j  org.eclipse.osgi.internal.serviceregistry.ServiceRegistry.registerService(Lorg/eclipse/osgi/internal/framework/BundleContextImpl;[Ljava/lang/String;Ljava/lang/Object;Ljava/util/Dictionary;)Lorg/eclipse/osgi/internal/serviceregistry/ServiceRegistrationImpl;+298
j  org.eclipse.osgi.internal.framework.BundleContextImpl.registerService([Ljava/lang/String;Ljava/lang/Object;Ljava/util/Dictionary;)Lorg/osgi/framework/ServiceRegistration;+15
j  org.apache.felix.scr.impl.manager.AbstractComponentManager$3.register([Ljava/lang/String;)Lorg/osgi/framework/ServiceRegistration;+32
j  org.apache.felix.scr.impl.manager.AbstractComponentManager$3.register([Ljava/lang/String;)Ljava/lang/Object;+2
j  org.apache.felix.scr.impl.manager.RegistrationManager.changeRegistration(Lorg/apache/felix/scr/impl/manager/RegistrationManager$RegState;[Ljava/lang/String;)Z+697
j  org.apache.felix.scr.impl.manager.AbstractComponentManager.registerService()Z+17
j  org.apache.felix.scr.impl.manager.AbstractComponentManager.activateInternal()V+344
j  org.apache.felix.scr.impl.manager.DependencyManager$SingleStaticCustomizer.addedService(Lorg/osgi/framework/ServiceReference;Lorg/apache/felix/scr/impl/inject/RefPair;IILorg/apache/felix/scr/impl/manager/ExtendedServiceEvent;)V+267
j  org.apache.felix.scr.impl.manager.DependencyManager$SingleStaticCustomizer.addedService(Lorg/osgi/framework/ServiceReference;Ljava/lang/Object;IILorg/osgi/framework/ServiceEvent;)V+14
j  org.apache.felix.scr.impl.manager.ServiceTracker$Tracked.customizerAdded(Lorg/osgi/framework/ServiceReference;Lorg/osgi/framework/ServiceEvent;Ljava/lang/Object;II)V+14
j  org.apache.felix.scr.impl.manager.ServiceTracker$Tracked.customizerAdded(Ljava/lang/Object;Ljava/lang/Object;Ljava/lang/Object;II)V+14
j  org.apache.felix.scr.impl.manager.ServiceTracker$AbstractTracked.trackAdding(Ljava/lang/Object;Ljava/lang/Object;)V+207
j  org.apache.felix.scr.impl.manager.ServiceTracker$AbstractTracked.track(Ljava/lang/Object;Ljava/lang/Object;)V+104
j  org.apache.felix.scr.impl.manager.ServiceTracker$Tracked.serviceChanged(Lorg/osgi/framework/ServiceEvent;)V+67
j  org.apache.felix.scr.impl.BundleComponentActivator$ListenerInfo.serviceChanged(Lorg/osgi/framework/ServiceEvent;)V+66
J 2436 c1 org.eclipse.osgi.internal.serviceregistry.FilteredServiceListener.serviceChanged(Lorg/osgi/framework/ServiceEvent;)V (284 bytes) @ 0x0000026fa56d0834 [0x0000026fa56ce560+0x00000000000022d4]
J 2433 c1 org.eclipse.osgi.internal.framework.BundleContextImpl.dispatchEvent(Ljava/lang/Object;Ljava/lang/Object;ILjava/lang/Object;)V (558 bytes) @ 0x0000026fa56c7b54 [0x0000026fa56c4aa0+0x00000000000030b4]
J 1505 c1 org.eclipse.osgi.framework.eventmgr.EventManager.dispatchEvent(Ljava/util/Set;Lorg/eclipse/osgi/framework/eventmgr/EventDispatcher;ILjava/lang/Object;)V (69 bytes) @ 0x0000026fa54ff174 [0x0000026fa54feca0+0x00000000000004d4]
J 2418 c1 org.eclipse.osgi.framework.eventmgr.ListenerQueue.dispatchEventSynchronous(ILjava/lang/Object;)V (81 bytes) @ 0x0000026fa56ab54c [0x0000026fa56ab320+0x000000000000022c]
j  org.eclipse.osgi.internal.serviceregistry.ServiceRegistry.publishServiceEventPrivileged(Lorg/osgi/framework/ServiceEvent;)V+320
j  org.eclipse.osgi.internal.serviceregistry.ServiceRegistry.publishServiceEvent(Lorg/osgi/framework/ServiceEvent;)V+8
j  org.eclipse.osgi.internal.serviceregistry.ServiceRegistrationImpl.register(Ljava/util/Dictionary;)V+128
j  org.eclipse.osgi.internal.serviceregistry.ServiceRegistry.registerService(Lorg/eclipse/osgi/internal/framework/BundleContextImpl;[Ljava/lang/String;Ljava/lang/Object;Ljava/util/Dictionary;)Lorg/eclipse/osgi/internal/serviceregistry/ServiceRegistrationImpl;+298
j  org.eclipse.osgi.internal.framework.BundleContextImpl.registerService([Ljava/lang/String;Ljava/lang/Object;Ljava/util/Dictionary;)Lorg/osgi/framework/ServiceRegistration;+15
j  org.apache.felix.scr.impl.manager.AbstractComponentManager$3.register([Ljava/lang/String;)Lorg/osgi/framework/ServiceRegistration;+32
j  org.apache.felix.scr.impl.manager.AbstractComponentManager$3.register([Ljava/lang/String;)Ljava/lang/Object;+2
j  org.apache.felix.scr.impl.manager.RegistrationManager.changeRegistration(Lorg/apache/felix/scr/impl/manager/RegistrationManager$RegState;[Ljava/lang/String;)Z+697
j  org.apache.felix.scr.impl.manager.AbstractComponentManager.registerService()Z+17
j  org.apache.felix.scr.impl.manager.AbstractComponentManager.activateInternal()V+344
j  org.apache.felix.scr.impl.manager.DependencyManager$SingleStaticCustomizer.addedService(Lorg/osgi/framework/ServiceReference;Lorg/apache/felix/scr/impl/inject/RefPair;IILorg/apache/felix/scr/impl/manager/ExtendedServiceEvent;)V+267
j  org.apache.felix.scr.impl.manager.DependencyManager$SingleStaticCustomizer.addedService(Lorg/osgi/framework/ServiceReference;Ljava/lang/Object;IILorg/osgi/framework/ServiceEvent;)V+14
j  org.apache.felix.scr.impl.manager.ServiceTracker$Tracked.customizerAdded(Lorg/osgi/framework/ServiceReference;Lorg/osgi/framework/ServiceEvent;Ljava/lang/Object;II)V+14
j  org.apache.felix.scr.impl.manager.ServiceTracker$Tracked.customizerAdded(Ljava/lang/Object;Ljava/lang/Object;Ljava/lang/Object;II)V+14
j  org.apache.felix.scr.impl.manager.ServiceTracker$AbstractTracked.trackAdding(Ljava/lang/Object;Ljava/lang/Object;)V+207
j  org.apache.felix.scr.impl.manager.ServiceTracker$AbstractTracked.track(Ljava/lang/Object;Ljava/lang/Object;)V+104
j  org.apache.felix.scr.impl.manager.ServiceTracker$Tracked.serviceChanged(Lorg/osgi/framework/ServiceEvent;)V+67
j  org.apache.felix.scr.impl.BundleComponentActivator$ListenerInfo.serviceChanged(Lorg/osgi/framework/ServiceEvent;)V+66
J 2436 c1 org.eclipse.osgi.internal.serviceregistry.FilteredServiceListener.serviceChanged(Lorg/osgi/framework/ServiceEvent;)V (284 bytes) @ 0x0000026fa56d0834 [0x0000026fa56ce560+0x00000000000022d4]
J 2433 c1 org.eclipse.osgi.internal.framework.BundleContextImpl.dispatchEvent(Ljava/lang/Object;Ljava/lang/Object;ILjava/lang/Object;)V (558 bytes) @ 0x0000026fa56c7b54 [0x0000026fa56c4aa0+0x00000000000030b4]
J 1505 c1 org.eclipse.osgi.framework.eventmgr.EventManager.dispatchEvent(Ljava/util/Set;Lorg/eclipse/osgi/framework/eventmgr/EventDispatcher;ILjava/lang/Object;)V (69 bytes) @ 0x0000026fa54ff174 [0x0000026fa54feca0+0x00000000000004d4]
J 2418 c1 org.eclipse.osgi.framework.eventmgr.ListenerQueue.dispatchEventSynchronous(ILjava/lang/Object;)V (81 bytes) @ 0x0000026fa56ab54c [0x0000026fa56ab320+0x000000000000022c]
j  org.eclipse.osgi.internal.serviceregistry.ServiceRegistry.publishServiceEventPrivileged(Lorg/osgi/framework/ServiceEvent;)V+320
j  org.eclipse.osgi.internal.serviceregistry.ServiceRegistry.publishServiceEvent(Lorg/osgi/framework/ServiceEvent;)V+8
j  org.eclipse.osgi.internal.serviceregistry.ServiceRegistrationImpl.register(Ljava/util/Dictionary;)V+128
j  org.eclipse.osgi.internal.serviceregistry.ServiceRegistry.registerService(Lorg/eclipse/osgi/internal/framework/BundleContextImpl;[Ljava/lang/String;Ljava/lang/Object;Ljava/util/Dictionary;)Lorg/eclipse/osgi/internal/serviceregistry/ServiceRegistrationImpl;+298
j  org.eclipse.osgi.internal.framework.BundleContextImpl.registerService([Ljava/lang/String;Ljava/lang/Object;Ljava/util/Dictionary;)Lorg/osgi/framework/ServiceRegistration;+15
j  org.eclipse.osgi.internal.framework.BundleContextImpl.registerService(Ljava/lang/String;Ljava/lang/Object;Ljava/util/Dictionary;)Lorg/osgi/framework/ServiceRegistration;+15
j  org.eclipse.osgi.internal.framework.BundleContextImpl.registerService(Ljava/lang/Class;Ljava/lang/Object;Ljava/util/Dictionary;)Lorg/osgi/framework/ServiceRegistration;+7
j  org.eclipse.core.resources.ResourcesPlugin$WorkspaceInitCustomizer.addingService(Lorg/osgi/framework/ServiceReference;)Lorg/eclipse/core/internal/resources/Workspace;+83
j  org.eclipse.core.resources.ResourcesPlugin$WorkspaceInitCustomizer.addingService(Lorg/osgi/framework/ServiceReference;)Ljava/lang/Object;+5
j  org.osgi.util.tracker.ServiceTracker$Tracked.customizerAdding(Lorg/osgi/framework/ServiceReference;Lorg/osgi/framework/ServiceEvent;)Ljava/lang/Object;+8
j  org.osgi.util.tracker.ServiceTracker$Tracked.customizerAdding(Ljava/lang/Object;Ljava/lang/Object;)Ljava/lang/Object;+9
j  org.osgi.util.tracker.AbstractTracked.trackAdding(Ljava/lang/Object;Ljava/lang/Object;)V+8
j  org.osgi.util.tracker.AbstractTracked.trackInitial()V+90
j  org.osgi.util.tracker.ServiceTracker.open(Z)V+198
j  org.osgi.util.tracker.ServiceTracker.open()V+2
j  org.eclipse.core.resources.ResourcesPlugin.start(Lorg/osgi/framework/BundleContext;)V+104
j  org.eclipse.osgi.internal.framework.BundleContextImpl$2.run()Ljava/lang/Void;+23
j  org.eclipse.osgi.internal.framework.BundleContextImpl$2.run()Ljava/lang/Object;+1
J 943 c1 java.security.AccessController.executePrivileged(Ljava/security/PrivilegedExceptionAction;Ljava/security/AccessControlContext;Ljava/lang/Class;)Ljava/lang/Object; java.base@17.0.3 (65 bytes) @ 0x0000026fa53bc3b4 [0x0000026fa53bc260+0x0000000000000154]
j  java.security.AccessController.doPrivileged(Ljava/security/PrivilegedExceptionAction;)Ljava/lang/Object;+9 java.base@17.0.3
j  org.eclipse.osgi.internal.framework.BundleContextImpl.startActivator(Lorg/osgi/framework/BundleActivator;)V+9
j  org.eclipse.osgi.internal.framework.BundleContextImpl.start()V+134
j  org.eclipse.osgi.internal.framework.EquinoxBundle.startWorker0()V+35
j  org.eclipse.osgi.internal.framework.EquinoxBundle$EquinoxModule.startWorker()V+4
j  org.eclipse.osgi.container.Module.doStart([Lorg/eclipse/osgi/container/Module$StartOptions;)Lorg/eclipse/osgi/container/ModuleContainerAdaptor$ModuleEvent;+190
J 2429 c1 org.eclipse.osgi.container.Module.start([Lorg/eclipse/osgi/container/Module$StartOptions;)V (655 bytes) @ 0x0000026fa56be254 [0x0000026fa56bbee0+0x0000000000002374]
j  org.eclipse.osgi.framework.util.SecureAction.start(Lorg/eclipse/osgi/container/Module;[Lorg/eclipse/osgi/container/Module$StartOptions;)V+8
J 2425 c1 org.eclipse.osgi.internal.hooks.EclipseLazyStarter.postFindLocalClass(Ljava/lang/String;Ljava/lang/Class;Lorg/eclipse/osgi/internal/loader/classpath/ClasspathManager;)V (394 bytes) @ 0x0000026fa56b2a3c [0x0000026fa56b1ac0+0x0000000000000f7c]
J 2427 c1 org.eclipse.osgi.internal.loader.classpath.ClasspathManager.findLocalClass(Ljava/lang/String;)Ljava/lang/Class; (210 bytes) @ 0x0000026fa56b70d4 [0x0000026fa56b6120+0x0000000000000fb4]
J 2282 c1 org.eclipse.osgi.internal.loader.BundleLoader.findLocalClass(Ljava/lang/String;)Ljava/lang/Class; (152 bytes) @ 0x0000026fa567c57c [0x0000026fa567c380+0x00000000000001fc]
J 1994 c1 org.eclipse.osgi.internal.loader.BundleLoader.findClass0(Ljava/lang/String;ZZ)Ljava/lang/Class; (466 bytes) @ 0x0000026fa55f7e74 [0x0000026fa55f74a0+0x00000000000009d4]
J 1993 c1 org.eclipse.osgi.internal.loader.BundleLoader.findClass(Ljava/lang/String;)Ljava/lang/Class; (8 bytes) @ 0x0000026fa55f6e04 [0x0000026fa55f6da0+0x0000000000000064]
J 2026 c1 org.eclipse.osgi.internal.loader.ModuleClassLoader.loadClass(Ljava/lang/String;Z)Ljava/lang/Class; (20 bytes) @ 0x0000026fa5601834 [0x0000026fa56017c0+0x0000000000000074]
J 710 c1 java.lang.ClassLoader.loadClass(Ljava/lang/String;)Ljava/lang/Class; java.base@17.0.3 (7 bytes) @ 0x0000026fa534f33c [0x0000026fa534f240+0x00000000000000fc]
v  ~StubRoutines::call_stub
j  java.lang.Class.getDeclaredConstructors0(Z)[Ljava/lang/reflect/Constructor;+0 java.base@17.0.3
j  java.lang.Class.privateGetDeclaredConstructors(Z)[Ljava/lang/reflect/Constructor;+52 java.base@17.0.3
j  java.lang.Class.getConstructor0([Ljava/lang/Class;I)Ljava/lang/reflect/Constructor;+14 java.base@17.0.3
j  java.lang.Class.getConstructor([Ljava/lang/Class;)Ljava/lang/reflect/Constructor;+24 java.base@17.0.3
j  org.eclipse.osgi.internal.framework.BundleContextImpl.loadBundleActivator()Lorg/osgi/framework/BundleActivator;+105
j  org.eclipse.osgi.internal.framework.BundleContextImpl.start()V+18
j  org.eclipse.osgi.internal.framework.EquinoxBundle.startWorker0()V+35
j  org.eclipse.osgi.internal.framework.EquinoxBundle$EquinoxModule.startWorker()V+4
j  org.eclipse.osgi.container.Module.doStart([Lorg/eclipse/osgi/container/Module$StartOptions;)Lorg/eclipse/osgi/container/ModuleContainerAdaptor$ModuleEvent;+190
J 2429 c1 org.eclipse.osgi.container.Module.start([Lorg/eclipse/osgi/container/Module$StartOptions;)V (655 bytes) @ 0x0000026fa56be254 [0x0000026fa56bbee0+0x0000000000002374]
j  org.eclipse.osgi.container.ModuleContainer$ContainerStartLevel$2.run()V+71
j  org.eclipse.osgi.internal.framework.EquinoxContainerAdaptor$1$1.execute(Ljava/lang/Runnable;)V+1
j  org.eclipse.osgi.container.ModuleContainer$ContainerStartLevel.incStartLevel(ILjava/util/List;Z)V+192
j  org.eclipse.osgi.container.ModuleContainer$ContainerStartLevel.incStartLevel(ILjava/util/List;Ljava/util/List;Ljava/util/List;Ljava/util/List;)V+19
j  org.eclipse.osgi.container.ModuleContainer$ContainerStartLevel.doContainerStartLevel(Lorg/eclipse/osgi/container/Module;I[Lorg/osgi/framework/FrameworkListener;)V+349
j  org.eclipse.osgi.container.ModuleContainer$ContainerStartLevel.dispatchEvent(Lorg/eclipse/osgi/container/Module;[Lorg/osgi/framework/FrameworkListener;ILjava/lang/Integer;)V+32
j  org.eclipse.osgi.container.ModuleContainer$ContainerStartLevel.dispatchEvent(Ljava/lang/Object;Ljava/lang/Object;ILjava/lang/Object;)V+15
J 1505 c1 org.eclipse.osgi.framework.eventmgr.EventManager.dispatchEvent(Ljava/util/Set;Lorg/eclipse/osgi/framework/eventmgr/EventDispatcher;ILjava/lang/Object;)V (69 bytes) @ 0x0000026fa54ff174 [0x0000026fa54feca0+0x00000000000004d4]
j  org.eclipse.osgi.framework.eventmgr.EventManager$EventThread.run()V+26
v  ~StubRoutines::call_stub

---------------  P R O C E S S  ---------------

Threads class SMR info:
_java_thread_list=0x0000026fb9a6b1d0, length=26, elements={
0x0000026fa2003430, 0x0000026fb5e13040, 0x0000026fb5e14650, 0x0000026fb5e41020,
0x0000026fb5e41da0, 0x0000026fb5e42c10, 0x0000026fb5e4ef90, 0x0000026fb5e504c0,
0x0000026fb5e75010, 0x0000026fb5e878a0, 0x0000026fb7943c20, 0x0000026fb7a1eb90,
0x0000026fb7edd380, 0x0000026fb7eddb20, 0x0000026fb7ede140, 0x0000026fb811d080,
0x0000026fb8135030, 0x0000026fb8113520, 0x0000026fb81139f0, 0x0000026fb8315e20,
0x0000026fb8317b00, 0x0000026fb83184a0, 0x0000026fb83197e0, 0x0000026fb83162f0,
0x0000026fb8317fd0, 0x0000026fb83167c0
}

Java Threads: ( => current thread )
  0x0000026fa2003430 JavaThread "main" [_thread_blocked, id=1856, stack(0x000000cd5fb00000,0x000000cd5fc00000)]
  0x0000026fb5e13040 JavaThread "Reference Handler" daemon [_thread_blocked, id=17784, stack(0x000000cd5fe00000,0x000000cd5ff00000)]
  0x0000026fb5e14650 JavaThread "Finalizer" daemon [_thread_blocked, id=15256, stack(0x000000cd5ff00000,0x000000cd60000000)]
  0x0000026fb5e41020 JavaThread "Signal Dispatcher" daemon [_thread_blocked, id=16844, stack(0x000000cd60000000,0x000000cd60100000)]
  0x0000026fb5e41da0 JavaThread "Attach Listener" daemon [_thread_blocked, id=11624, stack(0x000000cd60100000,0x000000cd60200000)]
  0x0000026fb5e42c10 JavaThread "Service Thread" daemon [_thread_blocked, id=16604, stack(0x000000cd60200000,0x000000cd60300000)]
  0x0000026fb5e4ef90 JavaThread "Monitor Deflation Thread" daemon [_thread_blocked, id=2596, stack(0x000000cd60300000,0x000000cd60400000)]
  0x0000026fb5e504c0 JavaThread "C2 CompilerThread0" daemon [_thread_blocked, id=3096, stack(0x000000cd60400000,0x000000cd60500000)]
  0x0000026fb5e75010 JavaThread "C1 CompilerThread0" daemon [_thread_blocked, id=2732, stack(0x000000cd60500000,0x000000cd60600000)]
  0x0000026fb5e878a0 JavaThread "Sweeper thread" daemon [_thread_blocked, id=1184, stack(0x000000cd60600000,0x000000cd60700000)]
  0x0000026fb7943c20 JavaThread "Common-Cleaner" daemon [_thread_blocked, id=11372, stack(0x000000cd60700000,0x000000cd60800000)]
  0x0000026fb7a1eb90 JavaThread "Notification Thread" daemon [_thread_blocked, id=11784, stack(0x000000cd60800000,0x000000cd60900000)]
  0x0000026fb7edd380 JavaThread "Equinox resolver thread - Equinox Container: bd6dc0ea-2b52-433e-a0be-96554445acbc" daemon [_thread_blocked, id=18064, stack(0x000000cd60a00000,0x000000cd60b00000)]
  0x0000026fb7eddb20 JavaThread "Equinox resolver thread - Equinox Container: bd6dc0ea-2b52-433e-a0be-96554445acbc" daemon [_thread_blocked, id=8464, stack(0x000000cd60b00000,0x000000cd60c00000)]
  0x0000026fb7ede140 JavaThread "Equinox resolver thread - Equinox Container: bd6dc0ea-2b52-433e-a0be-96554445acbc" daemon [_thread_blocked, id=13388, stack(0x000000cd60c00000,0x000000cd60d00000)]
  0x0000026fb811d080 JavaThread "Equinox resolver thread - Equinox Container: bd6dc0ea-2b52-433e-a0be-96554445acbc" daemon [_thread_blocked, id=940, stack(0x000000cd60d00000,0x000000cd60e00000)]
  0x0000026fb8135030 JavaThread "Active Thread: Equinox Container: bd6dc0ea-2b52-433e-a0be-96554445acbc" [_thread_blocked, id=6788, stack(0x000000cd60e00000,0x000000cd60f00000)]
  0x0000026fb8113520 JavaThread "Framework Event Dispatcher: Equinox Container: bd6dc0ea-2b52-433e-a0be-96554445acbc" daemon [_thread_blocked, id=15332, stack(0x000000cd60f00000,0x000000cd61000000)]
=>0x0000026fb81139f0 JavaThread "Start Level: Equinox Container: bd6dc0ea-2b52-433e-a0be-96554445acbc" daemon [_thread_in_vm, id=16768, stack(0x000000cd61000000,0x000000cd61100000)]
  0x0000026fb8315e20 JavaThread "Refresh Thread: Equinox Container: bd6dc0ea-2b52-433e-a0be-96554445acbc" daemon [_thread_blocked, id=1920, stack(0x000000cd61400000,0x000000cd61500000)]
  0x0000026fb8317b00 JavaThread "SCR Component Actor" daemon [_thread_blocked, id=15488, stack(0x000000cd61500000,0x000000cd61600000)]
  0x0000026fb83184a0 JavaThread "Timer-0" [_thread_blocked, id=6216, stack(0x000000cd61600000,0x000000cd61700000)]
  0x0000026fb83197e0 JavaThread "Worker-JM" [_thread_blocked, id=8200, stack(0x000000cd61700000,0x000000cd61800000)]
  0x0000026fb83162f0 JavaThread "Worker-0: Checking project encoding" [_thread_blocked, id=11552, stack(0x000000cd61800000,0x000000cd61900000)]
  0x0000026fb8317fd0 JavaThread "Worker-1" [_thread_blocked, id=13252, stack(0x000000cd61900000,0x000000cd61a00000)]
  0x0000026fb83167c0 JavaThread "Bundle File Closer" daemon [_thread_blocked, id=5864, stack(0x000000cd61a00000,0x000000cd61b00000)]

Other Threads:
  0x0000026fb5d1b280 VMThread "VM Thread" [stack: 0x000000cd5fd00000,0x000000cd5fe00000] [id=12972]
  0x0000026fb7a1f060 WatcherThread [stack: 0x000000cd60900000,0x000000cd60a00000] [id=16088]
  0x0000026fa20194d0 GCTaskThread "GC Thread#0" [stack: 0x000000cd5fc00000,0x000000cd5fd00000] [id=16128]
  0x0000026fb7e29320 GCTaskThread "GC Thread#1" [stack: 0x000000cd61100000,0x000000cd61200000] [id=11884]
  0x0000026fb7f63020 GCTaskThread "GC Thread#2" [stack: 0x000000cd61200000,0x000000cd61300000] [id=9016]
  0x0000026fb7f632d0 GCTaskThread "GC Thread#3" [stack: 0x000000cd61300000,0x000000cd61400000] [id=15644]

Threads with active compile tasks:

VM state: not at safepoint (normal execution)

VM Mutex/Monitor currently owned by a thread:  ([mutex/lock_event])
[0x0000026fa1fff020] Metaspace_lock - owner thread: 0x0000026fb81139f0

Heap address: 0x00000000c0000000, size: 1024 MB, Compressed Oops mode: 32-bit

CDS archive(s) not mapped
Compressed class space mapped at: 0x0000000100000000-0x0000000140000000, reserved size: 1073741824
Narrow klass base: 0x0000000000000000, Narrow klass shift: 3, Narrow klass range: 0x140000000

GC Precious Log:
 CPUs: 4 total, 4 available
 Memory: 8058M
 Large Page Support: Disabled
 NUMA Support: Disabled
 Compressed Oops: Enabled (32-bit)
 Alignments: Space 512K, Generation 512K, Heap 2M
 Heap Min Capacity: 100M
 Heap Initial Capacity: 100M
 Heap Max Capacity: 1G
 Pre-touch: Disabled
 Parallel Workers: 4

Heap:
 PSYoungGen      total 29696K, used 5562K [0x00000000eab00000, 0x00000000ecc00000, 0x0000000100000000)
  eden space 25600K, 21% used [0x00000000eab00000,0x00000000eb06ea08,0x00000000ec400000)
  from space 4096K, 0% used [0x00000000ec800000,0x00000000ec800000,0x00000000ecc00000)
  to   space 4096K, 0% used [0x00000000ec400000,0x00000000ec400000,0x00000000ec800000)
 ParOldGen       total 68608K, used 9627K [0x00000000c0000000, 0x00000000c4300000, 0x00000000eab00000)
  object space 68608K, 14% used [0x00000000c0000000,0x00000000c0966ec0,0x00000000c4300000)
 Metaspace       used 21812K, committed 22208K, reserved 1073152K
  class space    used 2219K, committed 2432K, reserved 1048576K

Card table byte_map: [0x0000026fa19f0000,0x0000026fa1c00000] _byte_map_base: 0x0000026fa13f0000

Marking Bits: (ParMarkBitMap*) 0x00007fff2c944b80
 Begin Bits: [0x0000026fb3c90000, 0x0000026fb4c90000)
 End Bits:   [0x0000026fb4c90000, 0x0000026fb5c90000)

Polling page: 0x0000026fa17e0000

Metaspace:

Usage:
  Non-class:     19.13 MB used.
      Class:      2.17 MB used.
       Both:     21.30 MB used.

Virtual space:
  Non-class space:       24.00 MB reserved,      19.31 MB ( 80%) committed,  3 nodes.
      Class space:        1.00 GB reserved,       2.38 MB ( <1%) committed,  1 nodes.
             Both:        1.02 GB reserved,      21.69 MB (  2%) committed. 

Chunk freelists:
   Non-Class:  112.00 KB
       Class:  1.66 MB
        Both:  1.77 MB

MaxMetaspaceSize: unlimited
CompressedClassSpaceSize: 1.00 GB
Initial GC threshold: 21.00 MB
Current GC threshold: 35.00 MB
CDS: off
MetaspaceReclaimPolicy: balanced
 - commit_granule_bytes: 65536.
 - commit_granule_words: 8192.
 - virtual_space_node_default_size: 1048576.
 - enlarge_chunks_in_place: 1.
 - new_chunks_are_fully_committed: 0.
 - uncommit_free_chunks: 1.
 - use_allocation_guard: 0.
 - handle_deallocations: 1.


Internal statistics:

num_allocs_failed_limit: 3.
num_arena_births: 136.
num_arena_deaths: 0.
num_vsnodes_births: 4.
num_vsnodes_deaths: 0.
num_space_committed: 347.
num_space_uncommitted: 0.
num_chunks_returned_to_freelist: 3.
num_chunks_taken_from_freelist: 644.
num_chunk_merges: 3.
num_chunk_splits: 439.
num_chunks_enlarged: 317.
num_purges: 0.
num_inconsistent_stats: 0.

CodeHeap 'non-profiled nmethods': size=120000Kb used=981Kb max_used=981Kb free=119018Kb
 bounds [0x0000026fac760000, 0x0000026fac9d0000, 0x0000026fb3c90000]
CodeHeap 'profiled nmethods': size=120000Kb used=5656Kb max_used=5656Kb free=114343Kb
 bounds [0x0000026fa5230000, 0x0000026fa57c0000, 0x0000026fac760000]
CodeHeap 'non-nmethods': size=5760Kb used=1185Kb max_used=1263Kb free=4574Kb
 bounds [0x0000026fa4c90000, 0x0000026fa4f00000, 0x0000026fa5230000]
 total_blobs=3283 nmethods=2800 adapters=397
 compilation: enabled
              stopped_count=0, restarted_count=0
 full_count=0

Compilation events (20 events):
Event: 3.465 Thread 0x0000026fb5e75010 nmethod 2801 0x0000026fac852590 code [0x0000026fac852720, 0x0000026fac8527f8]
Event: 3.465 Thread 0x0000026fb5e75010 2800       1       org.apache.felix.scr.impl.metadata.ComponentMetadata::getDSVersion (5 bytes)
Event: 3.465 Thread 0x0000026fb5e75010 nmethod 2800 0x0000026fac852890 code [0x0000026fac852a20, 0x0000026fac852af8]
Event: 3.472 Thread 0x0000026fb5e75010 2804       3       java.util.Calendar::internalSet (8 bytes)
Event: 3.472 Thread 0x0000026fb5e75010 nmethod 2804 0x0000026fa57aec10 code [0x0000026fa57aeda0, 0x0000026fa57aeed8]
Event: 3.475 Thread 0x0000026fb5e75010 2805       3       java.lang.ThreadLocal$ThreadLocalMap::getEntryAfterMiss (59 bytes)
Event: 3.475 Thread 0x0000026fb5e75010 nmethod 2805 0x0000026fa57aef90 code [0x0000026fa57af180, 0x0000026fa57af788]
Event: 3.476 Thread 0x0000026fb5e75010 2806   !   3       org.eclipse.osgi.internal.loader.BundleLoader::findClass0 (466 bytes)
Event: 3.479 Thread 0x0000026fb5e75010 nmethod 2806 0x0000026fa57afa10 code [0x0000026fa57b0180, 0x0000026fa57b3dd8]
Event: 3.485 Thread 0x0000026fb5e75010 2807   !   3       org.eclipse.osgi.container.ModuleDatabase::getWiring (31 bytes)
Event: 3.485 Thread 0x0000026fb5e75010 nmethod 2807 0x0000026fa57b5110 code [0x0000026fa57b5360, 0x0000026fa57b5cb8]
Event: 3.486 Thread 0x0000026fb5e504c0 nmethod 2769 0x0000026fac852b90 code [0x0000026fac852d80, 0x0000026fac8540b8]
Event: 3.486 Thread 0x0000026fb5e504c0 2795       4       org.codehaus.plexus.util.xml.pull.MXParser::more (79 bytes)
Event: 3.488 Thread 0x0000026fb5e504c0 nmethod 2795 0x0000026fac854a90 code [0x0000026fac854c20, 0x0000026fac854d48]
Event: 3.488 Thread 0x0000026fb5e504c0 2787       4       java.lang.Character::charCount (12 bytes)
Event: 3.488 Thread 0x0000026fb5e504c0 nmethod 2787 0x0000026fac854e90 code [0x0000026fac855000, 0x0000026fac855078]
Event: 3.488 Thread 0x0000026fb5e504c0 2803       4       org.eclipse.osgi.internal.hookregistry.ClassLoaderHook::postFindLocalClass (1 bytes)
Event: 3.489 Thread 0x0000026fb5e504c0 nmethod 2803 0x0000026fac855190 code [0x0000026fac855300, 0x0000026fac855378]
Event: 3.489 Thread 0x0000026fb5e504c0 2802       4       org.eclipse.osgi.internal.hookregistry.ClassLoaderHook::preFindLocalClass (1 bytes)
Event: 3.489 Thread 0x0000026fb5e504c0 nmethod 2802 0x0000026fac855490 code [0x0000026fac855600, 0x0000026fac855678]

GC Heap History (10 events):
Event: 1.374 GC heap before
{Heap before GC invocations=1 (full 0):
 PSYoungGen      total 29696K, used 25600K [0x00000000eab00000, 0x00000000ecc00000, 0x0000000100000000)
  eden space 25600K, 100% used [0x00000000eab00000,0x00000000ec400000,0x00000000ec400000)
  from space 4096K, 0% used [0x00000000ec800000,0x00000000ec800000,0x00000000ecc00000)
  to   space 4096K, 0% used [0x00000000ec400000,0x00000000ec400000,0x00000000ec800000)
 ParOldGen       total 68608K, used 0K [0x00000000c0000000, 0x00000000c4300000, 0x00000000eab00000)
  object space 68608K, 0% used [0x00000000c0000000,0x00000000c0000000,0x00000000c4300000)
 Metaspace       used 12742K, committed 12928K, reserved 1064960K
  class space    used 1290K, committed 1344K, reserved 1048576K
}
Event: 1.431 GC heap after
{Heap after GC invocations=1 (full 0):
 PSYoungGen      total 29696K, used 3448K [0x00000000eab00000, 0x00000000ecc00000, 0x0000000100000000)
  eden space 25600K, 0% used [0x00000000eab00000,0x00000000eab00000,0x00000000ec400000)
  from space 4096K, 84% used [0x00000000ec400000,0x00000000ec75e380,0x00000000ec800000)
  to   space 4096K, 0% used [0x00000000ec800000,0x00000000ec800000,0x00000000ecc00000)
 ParOldGen       total 68608K, used 0K [0x00000000c0000000, 0x00000000c4300000, 0x00000000eab00000)
  object space 68608K, 0% used [0x00000000c0000000,0x00000000c0000000,0x00000000c4300000)
 Metaspace       used 12742K, committed 12928K, reserved 1064960K
  class space    used 1290K, committed 1344K, reserved 1048576K
}
Event: 1.821 GC heap before
{Heap before GC invocations=2 (full 0):
 PSYoungGen      total 29696K, used 29046K [0x00000000eab00000, 0x00000000ecc00000, 0x0000000100000000)
  eden space 25600K, 99% used [0x00000000eab00000,0x00000000ec3ff748,0x00000000ec400000)
  from space 4096K, 84% used [0x00000000ec400000,0x00000000ec75e380,0x00000000ec800000)
  to   space 4096K, 0% used [0x00000000ec800000,0x00000000ec800000,0x00000000ecc00000)
 ParOldGen       total 68608K, used 0K [0x00000000c0000000, 0x00000000c4300000, 0x00000000eab00000)
  object space 68608K, 0% used [0x00000000c0000000,0x00000000c0000000,0x00000000c4300000)
 Metaspace       used 13201K, committed 13376K, reserved 1064960K
  class space    used 1324K, committed 1408K, reserved 1048576K
}
Event: 1.827 GC heap after
{Heap after GC invocations=2 (full 0):
 PSYoungGen      total 29696K, used 4066K [0x00000000eab00000, 0x00000000ecc00000, 0x0000000100000000)
  eden space 25600K, 0% used [0x00000000eab00000,0x00000000eab00000,0x00000000ec400000)
  from space 4096K, 99% used [0x00000000ec800000,0x00000000ecbf8b58,0x00000000ecc00000)
  to   space 4096K, 0% used [0x00000000ec400000,0x00000000ec400000,0x00000000ec800000)
 ParOldGen       total 68608K, used 4187K [0x00000000c0000000, 0x00000000c4300000, 0x00000000eab00000)
  object space 68608K, 6% used [0x00000000c0000000,0x00000000c0416db8,0x00000000c4300000)
 Metaspace       used 13201K, committed 13376K, reserved 1064960K
  class space    used 1324K, committed 1408K, reserved 1048576K
}
Event: 3.138 GC heap before
{Heap before GC invocations=3 (full 0):
 PSYoungGen      total 29696K, used 29666K [0x00000000eab00000, 0x00000000ecc00000, 0x0000000100000000)
  eden space 25600K, 100% used [0x00000000eab00000,0x00000000ec400000,0x00000000ec400000)
  from space 4096K, 99% used [0x00000000ec800000,0x00000000ecbf8b58,0x00000000ecc00000)
  to   space 4096K, 0% used [0x00000000ec400000,0x00000000ec400000,0x00000000ec800000)
 ParOldGen       total 68608K, used 4187K [0x00000000c0000000, 0x00000000c4300000, 0x00000000eab00000)
  object space 68608K, 6% used [0x00000000c0000000,0x00000000c0416db8,0x00000000c4300000)
 Metaspace       used 19648K, committed 20032K, reserved 1073152K
  class space    used 1969K, committed 2112K, reserved 1048576K
}
Event: 3.146 GC heap after
{Heap after GC invocations=3 (full 0):
 PSYoungGen      total 29696K, used 4078K [0x00000000eab00000, 0x00000000ecc00000, 0x0000000100000000)
  eden space 25600K, 0% used [0x00000000eab00000,0x00000000eab00000,0x00000000ec400000)
  from space 4096K, 99% used [0x00000000ec400000,0x00000000ec7fbb98,0x00000000ec800000)
  to   space 4096K, 0% used [0x00000000ec800000,0x00000000ec800000,0x00000000ecc00000)
 ParOldGen       total 68608K, used 9234K [0x00000000c0000000, 0x00000000c4300000, 0x00000000eab00000)
  object space 68608K, 13% used [0x00000000c0000000,0x00000000c0904af8,0x00000000c4300000)
 Metaspace       used 19648K, committed 20032K, reserved 1073152K
  class space    used 1969K, committed 2112K, reserved 1048576K
}
Event: 3.326 GC heap before
{Heap before GC invocations=4 (full 0):
 PSYoungGen      total 29696K, used 10032K [0x00000000eab00000, 0x00000000ecc00000, 0x0000000100000000)
  eden space 25600K, 23% used [0x00000000eab00000,0x00000000eb0d0848,0x00000000ec400000)
  from space 4096K, 99% used [0x00000000ec400000,0x00000000ec7fbb98,0x00000000ec800000)
  to   space 4096K, 0% used [0x00000000ec800000,0x00000000ec800000,0x00000000ecc00000)
 ParOldGen       total 68608K, used 9234K [0x00000000c0000000, 0x00000000c4300000, 0x00000000eab00000)
  object space 68608K, 13% used [0x00000000c0000000,0x00000000c0904af8,0x00000000c4300000)
 Metaspace       used 21158K, committed 21504K, reserved 1073152K
  class space    used 2147K, committed 2304K, reserved 1048576K
}
Event: 3.330 GC heap after
{Heap after GC invocations=4 (full 0):
 PSYoungGen      total 29696K, used 4087K [0x00000000eab00000, 0x00000000ecc00000, 0x0000000100000000)
  eden space 25600K, 0% used [0x00000000eab00000,0x00000000eab00000,0x00000000ec400000)
  from space 4096K, 99% used [0x00000000ec800000,0x00000000ecbfdf10,0x00000000ecc00000)
  to   space 4096K, 0% used [0x00000000ec400000,0x00000000ec400000,0x00000000ec800000)
 ParOldGen       total 68608K, used 9837K [0x00000000c0000000, 0x00000000c4300000, 0x00000000eab00000)
  object space 68608K, 14% used [0x00000000c0000000,0x00000000c099b680,0x00000000c4300000)
 Metaspace       used 21158K, committed 21504K, reserved 1073152K
  class space    used 2147K, committed 2304K, reserved 1048576K
}
Event: 3.330 GC heap before
{Heap before GC invocations=5 (full 1):
 PSYoungGen      total 29696K, used 4087K [0x00000000eab00000, 0x00000000ecc00000, 0x0000000100000000)
  eden space 25600K, 0% used [0x00000000eab00000,0x00000000eab00000,0x00000000ec400000)
  from space 4096K, 99% used [0x00000000ec800000,0x00000000ecbfdf10,0x00000000ecc00000)
  to   space 4096K, 0% used [0x00000000ec400000,0x00000000ec400000,0x00000000ec800000)
 ParOldGen       total 68608K, used 9837K [0x00000000c0000000, 0x00000000c4300000, 0x00000000eab00000)
  object space 68608K, 14% used [0x00000000c0000000,0x00000000c099b680,0x00000000c4300000)
 Metaspace       used 21158K, committed 21504K, reserved 1073152K
  class space    used 2147K, committed 2304K, reserved 1048576K
}
Event: 3.352 GC heap after
{Heap after GC invocations=5 (full 1):
 PSYoungGen      total 29696K, used 0K [0x00000000eab00000, 0x00000000ecc00000, 0x0000000100000000)
  eden space 25600K, 0% used [0x00000000eab00000,0x00000000eab00000,0x00000000ec400000)
  from space 4096K, 0% used [0x00000000ec800000,0x00000000ec800000,0x00000000ecc00000)
  to   space 4096K, 0% used [0x00000000ec400000,0x00000000ec400000,0x00000000ec800000)
 ParOldGen       total 68608K, used 9627K [0x00000000c0000000, 0x00000000c4300000, 0x00000000eab00000)
  object space 68608K, 14% used [0x00000000c0000000,0x00000000c0966ec0,0x00000000c4300000)
 Metaspace       used 21158K, committed 21504K, reserved 1073152K
  class space    used 2147K, committed 2304K, reserved 1048576K
}

Deoptimization events (20 events):
Event: 3.363 Thread 0x0000026fb81139f0 DEOPT PACKING pc=0x0000026fa52fb9e1 sp=0x000000cd610f1850
Event: 3.363 Thread 0x0000026fb81139f0 DEOPT UNPACKING pc=0x0000026fa4ce2843 sp=0x000000cd610f0cd8 mode 0
Event: 3.363 Thread 0x0000026fb81139f0 DEOPT PACKING pc=0x0000026fa52fb9e1 sp=0x000000cd610f1850
Event: 3.363 Thread 0x0000026fb81139f0 DEOPT UNPACKING pc=0x0000026fa4ce2843 sp=0x000000cd610f0cd8 mode 0
Event: 3.363 Thread 0x0000026fb81139f0 DEOPT PACKING pc=0x0000026fa52fb9e1 sp=0x000000cd610f1850
Event: 3.363 Thread 0x0000026fb81139f0 DEOPT UNPACKING pc=0x0000026fa4ce2843 sp=0x000000cd610f0cd8 mode 0
Event: 3.364 Thread 0x0000026fb81139f0 DEOPT PACKING pc=0x0000026fa52fb909 sp=0x000000cd610f1850
Event: 3.364 Thread 0x0000026fb81139f0 DEOPT UNPACKING pc=0x0000026fa4ce2843 sp=0x000000cd610f0cd8 mode 0
Event: 3.364 Thread 0x0000026fb81139f0 DEOPT PACKING pc=0x0000026fa52fb909 sp=0x000000cd610f1850
Event: 3.364 Thread 0x0000026fb81139f0 DEOPT UNPACKING pc=0x0000026fa4ce2843 sp=0x000000cd610f0cd8 mode 0
Event: 3.364 Thread 0x0000026fb81139f0 DEOPT PACKING pc=0x0000026fa52fb909 sp=0x000000cd610f1850
Event: 3.364 Thread 0x0000026fb81139f0 DEOPT UNPACKING pc=0x0000026fa4ce2843 sp=0x000000cd610f0cd8 mode 0
Event: 3.364 Thread 0x0000026fb81139f0 DEOPT PACKING pc=0x0000026fa52fb909 sp=0x000000cd610f1850
Event: 3.364 Thread 0x0000026fb81139f0 DEOPT UNPACKING pc=0x0000026fa4ce2843 sp=0x000000cd610f0cd8 mode 0
Event: 3.369 Thread 0x0000026fb81139f0 DEOPT PACKING pc=0x0000026fa52fb9e1 sp=0x000000cd610f1850
Event: 3.369 Thread 0x0000026fb81139f0 DEOPT UNPACKING pc=0x0000026fa4ce2843 sp=0x000000cd610f0cd8 mode 0
Event: 3.376 Thread 0x0000026fb81139f0 DEOPT PACKING pc=0x0000026fa52bf056 sp=0x000000cd610f2230
Event: 3.376 Thread 0x0000026fb81139f0 DEOPT UNPACKING pc=0x0000026fa4ce2843 sp=0x000000cd610f1728 mode 0
Event: 3.427 Thread 0x0000026fb81139f0 DEOPT PACKING pc=0x0000026fa5662108 sp=0x000000cd610f3ad0
Event: 3.427 Thread 0x0000026fb81139f0 DEOPT UNPACKING pc=0x0000026fa4ce2843 sp=0x000000cd610f2fd8 mode 0

Classes unloaded (0 events):
No events

Classes redefined (0 events):
No events

Internal exceptions (20 events):
Event: 0.666 Thread 0x0000026fa2003430 Implicit null exception at 0x0000026fac785a60 to 0x0000026fac786480
Event: 0.740 Thread 0x0000026fa2003430 Exception <a 'java/lang/NoSuchMethodError'{0x00000000eb877450}: 'int java.lang.invoke.DirectMethodHandle$Holder.invokeStaticInit(java.lang.Object, java.lang.Object, java.lang.Object, java.lang.Object)'> (0x00000000eb877450) 
thrown [e:\jenkins\tmp\workspace\build\src\src\hotspot\share\interpreter\linkResolver.cpp, line 766]
Event: 0.741 Thread 0x0000026fa2003430 Exception <a 'java/lang/NoSuchMethodError'{0x00000000eb881ac0}: 'java.lang.Object java.lang.invoke.DirectMethodHandle$Holder.invokeInterface(java.lang.Object, java.lang.Object)'> (0x00000000eb881ac0) 
thrown [e:\jenkins\tmp\workspace\build\src\src\hotspot\share\interpreter\linkResolver.cpp, line 766]
Event: 0.742 Thread 0x0000026fa2003430 Exception <a 'java/lang/IncompatibleClassChangeError'{0x00000000eb8852b8}: Found class java.lang.Object, but interface was expected> (0x00000000eb8852b8) 
thrown [e:\jenkins\tmp\workspace\build\src\src\hotspot\share\interpreter\linkResolver.cpp, line 833]
Event: 0.742 Thread 0x0000026fa2003430 Exception <a 'java/lang/NoSuchMethodError'{0x00000000eb8881d8}: 'void java.lang.invoke.DirectMethodHandle$Holder.invokeStatic(java.lang.Object, java.lang.Object)'> (0x00000000eb8881d8) 
thrown [e:\jenkins\tmp\workspace\build\src\src\hotspot\share\interpreter\linkResolver.cpp, line 766]
Event: 0.743 Thread 0x0000026fa2003430 Exception <a 'java/lang/NoSuchMethodError'{0x00000000eb88b9d8}: 'void java.lang.invoke.DirectMethodHandle$Holder.invokeStaticInit(java.lang.Object, java.lang.Object)'> (0x00000000eb88b9d8) 
thrown [e:\jenkins\tmp\workspace\build\src\src\hotspot\share\interpreter\linkResolver.cpp, line 766]
Event: 0.743 Thread 0x0000026fa2003430 Exception <a 'java/lang/NoSuchMethodError'{0x00000000eb891558}: 'int java.lang.invoke.DirectMethodHandle$Holder.invokeStaticInit(java.lang.Object, java.lang.Object)'> (0x00000000eb891558) 
thrown [e:\jenkins\tmp\workspace\build\src\src\hotspot\share\interpreter\linkResolver.cpp, line 766]
Event: 1.067 Thread 0x0000026fa2003430 Exception <a 'java/lang/NoSuchMethodError'{0x00000000ebd49f60}: 'int java.lang.invoke.DirectMethodHandle$Holder.invokeSpecial(java.lang.Object, java.lang.Object, java.lang.Object)'> (0x00000000ebd49f60) 
thrown [e:\jenkins\tmp\workspace\build\src\src\hotspot\share\interpreter\linkResolver.cpp, line 766]
Event: 1.172 Thread 0x0000026fa2003430 Exception <a 'java/lang/NoSuchMethodError'{0x00000000ec1aefd0}: 'java.lang.Object java.lang.invoke.DirectMethodHandle$Holder.newInvokeSpecial(java.lang.Object, int, java.lang.Object)'> (0x00000000ec1aefd0) 
thrown [e:\jenkins\tmp\workspace\build\src\src\hotspot\share\interpreter\linkResolver.cpp, line 766]
Event: 1.713 Thread 0x0000026fa2003430 Exception <a 'java/lang/UnsatisfiedLinkError'{0x00000000ebf074c8}: 'void org.eclipse.equinox.launcher.JNIBridge._update_splash()'> (0x00000000ebf074c8) 
thrown [e:\jenkins\tmp\workspace\build\src\src\hotspot\share\prims\nativeLookup.cpp, line 543]
Event: 1.736 Thread 0x0000026fb8315e20 Exception <a 'java/lang/NoSuchMethodError'{0x00000000ebf87900}: 'java.lang.Object java.lang.invoke.Invokers$Holder.invokeExact_MT(java.lang.Object, java.lang.Object, java.lang.Object, java.lang.Object, java.lang.Object, java.lang.Object)'> (0x00000000ebf87900) 
thrown [e:\jenkins\tmp\workspace\build\src\src\hotspot\share\interpreter\linkResolver.cpp, line 766]
Event: 1.968 Thread 0x0000026fb81139f0 Exception <a 'java/lang/NoSuchMethodError'{0x00000000eb48c6c8}: 'java.lang.Object java.lang.invoke.DirectMethodHandle$Holder.invokeStaticInit(java.lang.Object)'> (0x00000000eb48c6c8) 
thrown [e:\jenkins\tmp\workspace\build\src\src\hotspot\share\interpreter\linkResolver.cpp, line 766]
Event: 2.491 Thread 0x0000026fb81139f0 Exception <a 'java/io/FileNotFoundException'{0x00000000ebd011a0}> (0x00000000ebd011a0) 
thrown [e:\jenkins\tmp\workspace\build\src\src\hotspot\share\prims\jni.cpp, line 516]
Event: 2.502 Thread 0x0000026fb81139f0 Exception <a 'java/lang/NullPointerException'{0x00000000ebd20660}> (0x00000000ebd20660) 
thrown [e:\jenkins\tmp\workspace\build\src\src\hotspot\share\interpreter\linkResolver.cpp, line 1357]
Event: 2.502 Thread 0x0000026fb81139f0 Exception <a 'java/lang/NullPointerException'{0x00000000ebd20e88}> (0x00000000ebd20e88) 
thrown [e:\jenkins\tmp\workspace\build\src\src\hotspot\share\interpreter\linkResolver.cpp, line 1357]
Event: 2.937 Thread 0x0000026fb81139f0 Exception <a 'java/lang/NoSuchMethodError'{0x00000000ec1b2d38}: 'void java.lang.invoke.DirectMethodHandle$Holder.invokeInterface(java.lang.Object, java.lang.Object, java.lang.Object)'> (0x00000000ec1b2d38) 
thrown [e:\jenkins\tmp\workspace\build\src\src\hotspot\share\interpreter\linkResolver.cpp, line 766]
Event: 3.120 Thread 0x0000026fb81139f0 Exception <a 'java/lang/NoSuchMethodError'{0x00000000ec35ff78}: 'void java.lang.invoke.DirectMethodHandle$Holder.invokeSpecial(java.lang.Object, java.lang.Object, java.lang.Object)'> (0x00000000ec35ff78) 
thrown [e:\jenkins\tmp\workspace\build\src\src\hotspot\share\interpreter\linkResolver.cpp, line 766]
Event: 3.122 Thread 0x0000026fb81139f0 Exception <a 'java/io/FileNotFoundException'{0x00000000ec369508}> (0x00000000ec369508) 
thrown [e:\jenkins\tmp\workspace\build\src\src\hotspot\share\prims\jni.cpp, line 516]
Event: 3.190 Thread 0x0000026fb81139f0 Exception <a 'java/lang/IncompatibleClassChangeError'{0x00000000eac89848}: Found class java.lang.Object, but interface was expected> (0x00000000eac89848) 
thrown [e:\jenkins\tmp\workspace\build\src\src\hotspot\share\interpreter\linkResolver.cpp, line 833]
Event: 3.428 Thread 0x0000026fb81139f0 Exception <a 'java/io/FileNotFoundException'{0x00000000eadff820}> (0x00000000eadff820) 
thrown [e:\jenkins\tmp\workspace\build\src\src\hotspot\share\prims\jni.cpp, line 516]

VM Operations (20 events):
Event: 2.215 Executing VM operation: ICBufferFull
Event: 2.215 Executing VM operation: ICBufferFull done
Event: 2.806 Executing VM operation: HandshakeAllThreads
Event: 2.806 Executing VM operation: HandshakeAllThreads done
Event: 2.914 Executing VM operation: ICBufferFull
Event: 2.914 Executing VM operation: ICBufferFull done
Event: 2.917 Executing VM operation: HandshakeAllThreads
Event: 2.917 Executing VM operation: HandshakeAllThreads done
Event: 2.920 Executing VM operation: HandshakeAllThreads
Event: 2.920 Executing VM operation: HandshakeAllThreads done
Event: 3.137 Executing VM operation: ParallelGCFailedAllocation
Event: 3.146 Executing VM operation: ParallelGCFailedAllocation done
Event: 3.150 Executing VM operation: HandshakeAllThreads
Event: 3.150 Executing VM operation: HandshakeAllThreads done
Event: 3.326 Executing VM operation: CollectForMetadataAllocation
Event: 3.352 Executing VM operation: CollectForMetadataAllocation done
Event: 3.435 Executing VM operation: HandshakeAllThreads
Event: 3.435 Executing VM operation: HandshakeAllThreads done
Event: 3.477 Executing VM operation: HandshakeAllThreads
Event: 3.477 Executing VM operation: HandshakeAllThreads done

Events (20 events):
Event: 3.222 loading class java/security/Policy$PolicyInfo done
Event: 3.248 Thread 0x0000026fb83167c0 Thread added: 0x0000026fb83167c0
Event: 3.276 loading class java/io/FileReader
Event: 3.276 loading class java/io/FileReader done
Event: 3.276 loading class java/io/FileWriter
Event: 3.276 loading class java/io/FileWriter done
Event: 3.380 loading class java/text/MessageFormat
Event: 3.381 loading class java/text/MessageFormat done
Event: 3.381 loading class java/text/MessageFormat$Field
Event: 3.381 loading class java/text/MessageFormat$Field done
Event: 3.386 loading class java/lang/StackTraceElement$HashedModules
Event: 3.387 loading class java/lang/StackTraceElement$HashedModules done
Event: 3.443 loading class java/io/StringReader
Event: 3.443 loading class java/io/StringReader done
Event: 3.472 loading class java/text/ParseException
Event: 3.472 loading class java/text/ParseException done
Event: 3.478 loading class jdk/internal/reflect/UnsafeQualifiedObjectFieldAccessorImpl
Event: 3.478 loading class jdk/internal/reflect/UnsafeQualifiedFieldAccessorImpl
Event: 3.478 loading class jdk/internal/reflect/UnsafeQualifiedFieldAccessorImpl done
Event: 3.478 loading class jdk/internal/reflect/UnsafeQualifiedObjectFieldAccessorImpl done


Dynamic libraries:
0x00007ff63cb40000 - 0x00007ff63cb4e000 	c:\Users\huyvu\.vscode\extensions\redhat.java-1.8.0-win32-x64\jre\17.0.3-win32-x86_64\bin\java.exe
0x00007fff7b1a0000 - 0x00007fff7b3a9000 	C:\Windows\SYSTEM32\ntdll.dll
0x00007fff7a890000 - 0x00007fff7a94d000 	C:\Windows\System32\KERNEL32.DLL
0x00007fff78c80000 - 0x00007fff78ff9000 	C:\Windows\System32\KERNELBASE.dll
0x00007fff78a70000 - 0x00007fff78b81000 	C:\Windows\System32\ucrtbase.dll
0x00007fff55d30000 - 0x00007fff55d49000 	c:\Users\huyvu\.vscode\extensions\redhat.java-1.8.0-win32-x64\jre\17.0.3-win32-x86_64\bin\VCRUNTIME140.dll
0x00007fff68f80000 - 0x00007fff68f98000 	c:\Users\huyvu\.vscode\extensions\redhat.java-1.8.0-win32-x64\jre\17.0.3-win32-x86_64\bin\jli.dll
0x00007fff7ac60000 - 0x00007fff7ae0c000 	C:\Windows\System32\USER32.dll
0x00007fff79000000 - 0x00007fff79026000 	C:\Windows\System32\win32u.dll
0x00007fff6cc60000 - 0x00007fff6cf05000 	C:\Windows\WinSxS\amd64_microsoft.windows.common-controls_6595b64144ccf1df_6.0.22000.120_none_9d947278b86cc467\COMCTL32.dll
0x00007fff79450000 - 0x00007fff79479000 	C:\Windows\System32\GDI32.dll
0x00007fff7b030000 - 0x00007fff7b0d3000 	C:\Windows\System32\msvcrt.dll
0x00007fff78740000 - 0x00007fff78852000 	C:\Windows\System32\gdi32full.dll
0x00007fff789d0000 - 0x00007fff78a6d000 	C:\Windows\System32\msvcp_win.dll
0x00007fff792f0000 - 0x00007fff79321000 	C:\Windows\System32\IMM32.DLL
0x00007fff74bc0000 - 0x00007fff74bcc000 	c:\Users\huyvu\.vscode\extensions\redhat.java-1.8.0-win32-x64\jre\17.0.3-win32-x86_64\bin\vcruntime140_1.dll
0x00007fff39b00000 - 0x00007fff39b91000 	c:\Users\huyvu\.vscode\extensions\redhat.java-1.8.0-win32-x64\jre\17.0.3-win32-x86_64\bin\msvcp140.dll
0x00007fff2bdc0000 - 0x00007fff2ca08000 	c:\Users\huyvu\.vscode\extensions\redhat.java-1.8.0-win32-x64\jre\17.0.3-win32-x86_64\bin\server\jvm.dll
0x00007fff79160000 - 0x00007fff7920e000 	C:\Windows\System32\ADVAPI32.dll
0x00007fff79030000 - 0x00007fff790ce000 	C:\Windows\System32\sechost.dll
0x00007fff79a30000 - 0x00007fff79b50000 	C:\Windows\System32\RPCRT4.dll
0x00007fff7ac50000 - 0x00007fff7ac58000 	C:\Windows\System32\PSAPI.DLL
0x00007fff74ae0000 - 0x00007fff74ae9000 	C:\Windows\SYSTEM32\WSOCK32.dll
0x00007fff72eb0000 - 0x00007fff72ee3000 	C:\Windows\SYSTEM32\WINMM.dll
0x00007fff7abe0000 - 0x00007fff7ac4f000 	C:\Windows\System32\WS2_32.dll
0x00007fff72200000 - 0x00007fff7220a000 	C:\Windows\SYSTEM32\VERSION.dll
0x00007fff77830000 - 0x00007fff77848000 	C:\Windows\SYSTEM32\kernel.appcore.dll
0x00007fff74b90000 - 0x00007fff74b9a000 	c:\Users\huyvu\.vscode\extensions\redhat.java-1.8.0-win32-x64\jre\17.0.3-win32-x86_64\bin\jimage.dll
0x00007fff76100000 - 0x00007fff76321000 	C:\Windows\SYSTEM32\DBGHELP.DLL
0x00007fff6f310000 - 0x00007fff6f341000 	C:\Windows\SYSTEM32\dbgcore.DLL
0x00007fff78c00000 - 0x00007fff78c7f000 	C:\Windows\System32\bcryptPrimitives.dll
0x00007fff50560000 - 0x00007fff50585000 	c:\Users\huyvu\.vscode\extensions\redhat.java-1.8.0-win32-x64\jre\17.0.3-win32-x86_64\bin\java.dll
0x00007fff50640000 - 0x00007fff50658000 	c:\Users\huyvu\.vscode\extensions\redhat.java-1.8.0-win32-x64\jre\17.0.3-win32-x86_64\bin\zip.dll
0x00007fff7a0d0000 - 0x00007fff7a888000 	C:\Windows\System32\SHELL32.dll
0x00007fff767c0000 - 0x00007fff77027000 	C:\Windows\SYSTEM32\windows.storage.dll
0x00007fff79b50000 - 0x00007fff79ec9000 	C:\Windows\System32\combase.dll
0x00007fff76650000 - 0x00007fff767b6000 	C:\Windows\SYSTEM32\wintypes.dll
0x00007fff794a0000 - 0x00007fff7958a000 	C:\Windows\System32\SHCORE.dll
0x00007fff7ab80000 - 0x00007fff7abdd000 	C:\Windows\System32\shlwapi.dll
0x00007fff785b0000 - 0x00007fff785d1000 	C:\Windows\SYSTEM32\profapi.dll
0x00007fff50540000 - 0x00007fff50559000 	C:\Users\huyvu\.vscode\extensions\redhat.java-1.8.0-win32-x64\jre\17.0.3-win32-x86_64\bin\net.dll
0x00007fff72a70000 - 0x00007fff72b7c000 	C:\Windows\SYSTEM32\WINHTTP.dll
0x00007fff77c50000 - 0x00007fff77cb7000 	C:\Windows\system32\mswsock.dll
0x00007fff50520000 - 0x00007fff50535000 	C:\Users\huyvu\.vscode\extensions\redhat.java-1.8.0-win32-x64\jre\17.0.3-win32-x86_64\bin\nio.dll
0x00007fff3aa50000 - 0x00007fff3aa8e000 	C:\Users\huyvu\AppData\Roaming\Code\User\globalStorage\redhat.java\1.8.0\config_win\org.eclipse.equinox.launcher\org.eclipse.equinox.launcher.win32.win32.x86_64_1.2.500.v20220509-0833\eclipse_11700.dll
0x00007fff79f30000 - 0x00007fff7a0ca000 	C:\Windows\System32\ole32.dll
0x00007fff730a0000 - 0x00007fff730b0000 	c:\Users\huyvu\.vscode\extensions\redhat.java-1.8.0-win32-x64\jre\17.0.3-win32-x86_64\bin\verify.dll

dbghelp: loaded successfully - version: 4.0.5 - missing functions: none
symbol engine: initialized successfully - sym options: 0x614 - pdb path: .;c:\Users\huyvu\.vscode\extensions\redhat.java-1.8.0-win32-x64\jre\17.0.3-win32-x86_64\bin;C:\Windows\SYSTEM32;C:\Windows\WinSxS\amd64_microsoft.windows.common-controls_6595b64144ccf1df_6.0.22000.120_none_9d947278b86cc467;c:\Users\huyvu\.vscode\extensions\redhat.java-1.8.0-win32-x64\jre\17.0.3-win32-x86_64\bin\server;C:\Users\huyvu\AppData\Roaming\Code\User\globalStorage\redhat.java\1.8.0\config_win\org.eclipse.equinox.launcher\org.eclipse.equinox.launcher.win32.win32.x86_64_1.2.500.v20220509-0833

VM Arguments:
jvm_args: --add-modules=ALL-SYSTEM --add-opens=java.base/java.util=ALL-UNNAMED --add-opens=java.base/java.lang=ALL-UNNAMED --add-opens=java.base/sun.nio.fs=ALL-UNNAMED -Declipse.application=org.eclipse.jdt.ls.core.id1 -Dosgi.bundles.defaultStartLevel=4 -Declipse.product=org.eclipse.jdt.ls.core.product -Djava.import.generatesMetadataFilesAtProjectRoot=false -Dfile.encoding=utf8 -DwatchParentProcess=false -XX:+UseParallelGC -XX:GCTimeRatio=4 -XX:AdaptiveSizePolicyWeight=90 -Dsun.zip.disableMemoryMapping=true -Xmx1G -Xms100m -XX:+HeapDumpOnOutOfMemoryError -XX:HeapDumpPath=c:\Users\huyvu\AppData\Roaming\Code\User\workspaceStorage\310357112df2df35eaca3c38d8a08810\redhat.java 
java_command: c:\Users\huyvu\.vscode\extensions\redhat.java-1.8.0-win32-x64\server\plugins\org.eclipse.equinox.launcher_1.6.400.v20210924-0641.jar -configuration c:\Users\huyvu\AppData\Roaming\Code\User\globalStorage\redhat.java\1.8.0\config_win -data c:\Users\huyvu\AppData\Roaming\Code\User\workspaceStorage\310357112df2df35eaca3c38d8a08810\redhat.java\jdt_ws
java_class_path (initial): c:\Users\huyvu\.vscode\extensions\redhat.java-1.8.0-win32-x64\server\plugins\org.eclipse.equinox.launcher_1.6.400.v20210924-0641.jar
Launcher Type: SUN_STANDARD

[Global flags]
    uintx AdaptiveSizePolicyWeight                 = 90                                        {product} {command line}
     intx CICompilerCount                          = 3                                         {product} {ergonomic}
    uintx GCTimeRatio                              = 4                                         {product} {command line}
     bool HeapDumpOnOutOfMemoryError               = true                                   {manageable} {command line}
    ccstr HeapDumpPath                             = c:\Users\huyvu\AppData\Roaming\Code\User\workspaceStorage\310357112df2df35eaca3c38d8a08810\redhat.java         {manageable} {command line}
   size_t InitialHeapSize                          = 104857600                                 {product} {command line}
   size_t MaxHeapSize                              = 1073741824                                {product} {command line}
   size_t MaxNewSize                               = 357564416                                 {product} {ergonomic}
   size_t MinHeapDeltaBytes                        = 524288                                    {product} {ergonomic}
   size_t MinHeapSize                              = 104857600                                 {product} {command line}
   size_t NewSize                                  = 34603008                                  {product} {ergonomic}
    uintx NonNMethodCodeHeapSize                   = 5832780                                {pd product} {ergonomic}
    uintx NonProfiledCodeHeapSize                  = 122912730                              {pd product} {ergonomic}
   size_t OldSize                                  = 70254592                                  {product} {ergonomic}
    uintx ProfiledCodeHeapSize                     = 122912730                              {pd product} {ergonomic}
    uintx ReservedCodeCacheSize                    = 251658240                              {pd product} {ergonomic}
     bool SegmentedCodeCache                       = true                                      {product} {ergonomic}
   size_t SoftMaxHeapSize                          = 1073741824                             {manageable} {ergonomic}
     bool UseCompressedClassPointers               = true                           {product lp64_product} {ergonomic}
     bool UseCompressedOops                        = true                           {product lp64_product} {ergonomic}
     bool UseLargePagesIndividualAllocation        = false                                  {pd product} {ergonomic}
     bool UseParallelGC                            = true                                      {product} {command line}

Logging:
Log output configuration:
 #0: stdout all=warning uptime,level,tags
 #1: stderr all=off uptime,level,tags

Environment Variables:
JAVA_HOME=C:\Program Files (x86)\Java\jdk1.8.0_202
PATH=C:\Program Files (x86)\Common Files\Oracle\Java\javapath;C:\Windows\system32;C:\Windows;C:\Windows\System32\Wbem;C:\Windows\System32\WindowsPowerShell\v1.0\;C:\Windows\System32\OpenSSH\;D:\Code\libs\apache-maven-3.8.5\bin;C:\Program Files\Microsoft SQL Server\Client SDK\ODBC\170\Tools\Binn\;C:\Program Files (x86)\Microsoft SQL Server\150\Tools\Binn\;C:\Program Files\Microsoft SQL Server\150\Tools\Binn\;C:\Program Files\Microsoft SQL Server\150\DTS\Binn\;C:\Program Files (x86)\Java\jdk1.8.0_202\bin;;C:\Program Files\Docker\Docker\resources\bin;C:\ProgramData\DockerDesktop\version-bin;C:\Users\huyvu\AppData\Local\Microsoft\WindowsApps;D:\Code\libs\apache-maven-3.8.5\bin;C:\Program Files\heroku\bin;C:\Users\huyvu\AppData\Local\GitHubDesktop\bin;C:\Program Files\Git\cmd;C:\Users\huyvu\AppData\Local\Programs\Microsoft VS Code\bin;D:\Code\libs\apache-maven-3.8.5\bin;;C:\Program Files\JetBrains\IntelliJ IDEA Community Edition 2022.1.3\bin;
USERNAME=huyvu
OS=Windows_NT
PROCESSOR_IDENTIFIER=Intel64 Family 6 Model 94 Stepping 3, GenuineIntel



---------------  S Y S T E M  ---------------

OS:
 Windows 11 , 64 bit Build 22000 (10.0.22000.708)
OS uptime: 1 days 8:00 hours
Hyper-V role detected

CPU: total 4 (initial active 4) (4 cores per cpu, 1 threads per core) family 6 model 94 stepping 3 microcode 0xd6, cx8, cmov, fxsr, mmx, 3dnowpref, sse, sse2, sse3, ssse3, sse4.1, sse4.2, popcnt, lzcnt, tsc, tscinvbit, avx, avx2, aes, erms, clmul, bmi1, bmi2, rtm, adx, fma, vzeroupper, clflush, clflushopt, hv

Memory: 4k page, system-wide physical 8058M (179M free)
TotalPageFile size 16058M (AvailPageFile size 1M)
current process WorkingSet (physical memory assigned to process): 139M, peak: 139M
current process commit charge ("private bytes"): 232M, peak: 232M

vm_info: OpenJDK 64-Bit Server VM (17.0.3+7) for windows-amd64 JRE (17.0.3+7), built on Apr 19 2022 16:55:35 by "" with MS VC++ 16.7 (VS2019)

END.
