#
# There is insufficient memory for the Java Runtime Environment to continue.
# Native memory allocation (mmap) failed to map 65536 bytes for Failed to commit metaspace.
# Possible reasons:
#   The system is out of physical RAM or swap space
#   The process is running with CompressedOops enabled, and the Java Heap may be blocking the growth of the native heap
# Possible solutions:
#   Reduce memory load on the system
#   Increase physical memory or swap space
#   Check if swap backing store is full
#   Decrease Java heap size (-Xmx/-Xms)
#   Decrease number of Java threads
#   Decrease Java thread stack sizes (-Xss)
#   Set larger code cache with -XX:ReservedCodeCacheSize=
#   JVM is running with Unscaled Compressed Oops mode in which the Java heap is
#     placed in the first 4GB address space. The Java Heap base address is the
#     maximum limit for the native heap growth. Please use -XX:HeapBaseMinAddress
#     to set the Java Heap base and to place the Java Heap above 4GB virtual address.
# This output file may be truncated or incomplete.
#
#  Out of Memory Error (virtualSpaceNode.cpp:110), pid=7984, tid=9080
#
# JRE version: OpenJDK Runtime Environment Temurin-17.0.3+7 (17.0.3+7) (build 17.0.3+7)
# Java VM: OpenJDK 64-Bit Server VM Temurin-17.0.3+7 (17.0.3+7, mixed mode, tiered, compressed oops, compressed class ptrs, parallel gc, windows-amd64)
# No core dump will be written. Minidumps are not enabled by default on client versions of Windows
#

---------------  S U M M A R Y ------------

Command Line: --add-modules=ALL-SYSTEM --add-opens=java.base/java.util=ALL-UNNAMED --add-opens=java.base/java.lang=ALL-UNNAMED --add-opens=java.base/sun.nio.fs=ALL-UNNAMED -Declipse.application=org.eclipse.jdt.ls.core.id1 -Dosgi.bundles.defaultStartLevel=4 -Declipse.product=org.eclipse.jdt.ls.core.product -Djava.import.generatesMetadataFilesAtProjectRoot=false -Dfile.encoding=utf8 -DwatchParentProcess=false -XX:+UseParallelGC -XX:GCTimeRatio=4 -XX:AdaptiveSizePolicyWeight=90 -Dsun.zip.disableMemoryMapping=true -Xmx1G -Xms100m -XX:+HeapDumpOnOutOfMemoryError -XX:HeapDumpPath=c:\Users\huyvu\AppData\Roaming\Code\User\workspaceStorage\310357112df2df35eaca3c38d8a08810\redhat.java c:\Users\huyvu\.vscode\extensions\redhat.java-1.8.0-win32-x64\server\plugins\org.eclipse.equinox.launcher_1.6.400.v20210924-0641.jar -configuration c:\Users\huyvu\AppData\Roaming\Code\User\globalStorage\redhat.java\1.8.0\config_win -data c:\Users\huyvu\AppData\Roaming\Code\User\workspaceStorage\310357112df2df35eaca3c38d8a08810\redhat.java\jdt_ws

Host: Intel(R) Core(TM) i5-6300HQ CPU @ 2.30GHz, 4 cores, 7G,  Windows 11 , 64 bit Build 22000 (10.0.22000.708)
Time: Tue Jul 19 16:35:41 2022 SE Asia Standard Time elapsed time: 13.897057 seconds (0d 0h 0m 13s)

---------------  T H R E A D  ---------------

Current thread (0x00000275ac71bc30):  JavaThread "Worker-1: Repository registry initialization" [_thread_in_vm, id=9080, stack(0x000000e0fac00000,0x000000e0fad00000)]

Stack: [0x000000e0fac00000,0x000000e0fad00000]
Native frames: (J=compiled Java code, j=interpreted, Vv=VM code, C=native code)
V  [jvm.dll+0x675efa]
V  [jvm.dll+0x830a24]
V  [jvm.dll+0x8321ce]
V  [jvm.dll+0x832833]
V  [jvm.dll+0x2454b5]
V  [jvm.dll+0x82c9cb]
V  [jvm.dll+0x61ab26]
V  [jvm.dll+0x1c046e]
V  [jvm.dll+0x61d471]
V  [jvm.dll+0x61b4c6]
V  [jvm.dll+0x625317]
V  [jvm.dll+0x1ea19b]
V  [jvm.dll+0x1ea6d5]
V  [jvm.dll+0x1eb10f]
V  [jvm.dll+0x1e05b1]
V  [jvm.dll+0x53bb80]
V  [jvm.dll+0x7aba28]
V  [jvm.dll+0x7abb14]
V  [jvm.dll+0x40c7c5]
V  [jvm.dll+0x4129b8]
C  [java.dll+0x17ec]

Java frames: (J=compiled Java code, j=interpreted, Vv=VM code)
J 984  java.lang.ClassLoader.defineClass1(Ljava/lang/ClassLoader;Ljava/lang/String;[BIILjava/security/ProtectionDomain;Ljava/lang/String;)Ljava/lang/Class; java.base@17.0.3 (0 bytes) @ 0x00000275a0b633db [0x00000275a0b63320+0x00000000000000bb]
J 3279 c1 java.lang.ClassLoader.defineClass(Ljava/lang/String;[BIILjava/security/ProtectionDomain;)Ljava/lang/Class; java.base@17.0.3 (43 bytes) @ 0x0000027599c8e2d4 [0x0000027599c8df80+0x0000000000000354]
J 2653 c1 org.eclipse.osgi.internal.loader.ModuleClassLoader.defineClass(Ljava/lang/String;[BLorg/eclipse/osgi/internal/loader/classpath/ClasspathEntry;)Lorg/eclipse/osgi/internal/loader/ModuleClassLoader$DefineClassResult; (138 bytes) @ 0x0000027599b4281c [0x0000027599b425c0+0x000000000000025c]
J 2361 c1 org.eclipse.osgi.internal.loader.classpath.ClasspathManager.defineClass(Ljava/lang/String;[BLorg/eclipse/osgi/internal/loader/classpath/ClasspathEntry;Lorg/eclipse/osgi/storage/bundlefile/BundleEntry;Ljava/util/List;)Ljava/lang/Class; (636 bytes) @ 0x0000027599a77444 [0x0000027599a75a60+0x00000000000019e4]
J 3238 c2 org.eclipse.osgi.internal.loader.classpath.ClasspathManager.findClassImpl(Ljava/lang/String;Lorg/eclipse/osgi/internal/loader/classpath/ClasspathEntry;Ljava/util/List;)Ljava/lang/Class; (308 bytes) @ 0x00000275a0c46ef4 [0x00000275a0c46060+0x0000000000000e94]
J 3417 c2 org.eclipse.osgi.internal.loader.classpath.ClasspathManager.findLocalClass(Ljava/lang/String;)Ljava/lang/Class; (210 bytes) @ 0x00000275a0c6da8c [0x00000275a0c6d580+0x000000000000050c]
J 2354 c1 org.eclipse.osgi.internal.loader.BundleLoader.findLocalClass(Ljava/lang/String;)Ljava/lang/Class; (152 bytes) @ 0x0000027599a706ec [0x0000027599a6fea0+0x000000000000084c]
J 2892 c1 org.eclipse.osgi.internal.loader.BundleLoader.findClass0(Ljava/lang/String;ZZ)Ljava/lang/Class; (466 bytes) @ 0x0000027599bc5424 [0x0000027599bc2e00+0x0000000000002624]
J 3344 c1 org.eclipse.osgi.internal.loader.BundleLoader.findClass(Ljava/lang/String;)Ljava/lang/Class; (8 bytes) @ 0x0000027599cacb1c [0x0000027599cacaa0+0x000000000000007c]
J 3346 c1 org.eclipse.osgi.internal.loader.ModuleClassLoader.loadClass(Ljava/lang/String;Z)Ljava/lang/Class; (20 bytes) @ 0x0000027599cad3fc [0x0000027599cad2e0+0x000000000000011c]
J 3353 c2 java.lang.ClassLoader.loadClass(Ljava/lang/String;)Ljava/lang/Class; java.base@17.0.3 (7 bytes) @ 0x00000275a0c53940 [0x00000275a0c53900+0x0000000000000040]
v  ~StubRoutines::call_stub
j  java.lang.Class.getDeclaredMethods0(Z)[Ljava/lang/reflect/Method;+0 java.base@17.0.3
J 3276 c1 java.lang.Class.privateGetDeclaredMethods(Z)[Ljava/lang/reflect/Method; java.base@17.0.3 (64 bytes) @ 0x0000027599c8c9b4 [0x0000027599c8c820+0x0000000000000194]
J 3651 c1 java.lang.Class.getDeclaredMethods()[Ljava/lang/reflect/Method; java.base@17.0.3 (27 bytes) @ 0x0000027599d53284 [0x0000027599d531e0+0x00000000000000a4]
J 3742 c1 com.google.inject.spi.InjectionPoint.getInjectionPoints(Lcom/google/inject/TypeLiteral;ZLcom/google/inject/internal/Errors;)Ljava/util/Set; (489 bytes) @ 0x0000027599d82a4c [0x0000027599d81dc0+0x0000000000000c8c]
j  com.google.inject.spi.InjectionPoint.forInstanceMethodsAndFields(Lcom/google/inject/TypeLiteral;)Ljava/util/Set;+11
j  org.eclipse.sisu.wire.DependencyAnalyzer.analyzeImplementation(Lcom/google/inject/TypeLiteral;Z)Ljava/lang/Boolean;+44
j  org.eclipse.sisu.wire.DependencyAnalyzer.visit(Lcom/google/inject/spi/ProviderInstanceBinding;)Ljava/lang/Boolean;+33
j  org.eclipse.sisu.wire.DependencyAnalyzer.visit(Lcom/google/inject/spi/ProviderInstanceBinding;)Ljava/lang/Object;+5
j  com.google.inject.internal.ProviderInstanceBindingImpl.acceptTargetVisitor(Lcom/google/inject/spi/BindingTargetVisitor;)Ljava/lang/Object;+27
j  org.eclipse.sisu.wire.ElementAnalyzer.visit(Lcom/google/inject/Binding;)Ljava/lang/Void;+43
j  org.eclipse.sisu.wire.ElementAnalyzer.visit(Lcom/google/inject/Binding;)Ljava/lang/Object;+5
j  com.google.inject.internal.BindingImpl.acceptVisitor(Lcom/google/inject/spi/ElementVisitor;)Ljava/lang/Object;+2
j  org.eclipse.sisu.wire.WireModule.configure(Lcom/google/inject/Binder;)V+39
j  com.google.inject.spi.Elements$RecordingBinder.install(Lcom/google/inject/Module;)V+161
j  com.google.inject.spi.Elements.getElements(Lcom/google/inject/Stage;Ljava/lang/Iterable;)Ljava/util/List;+40
j  com.google.inject.internal.InjectorShell$Builder.build(Lcom/google/inject/internal/Initializer;Lcom/google/inject/internal/ProcessedBindingData;Lcom/google/inject/internal/util/Stopwatch;Lcom/google/inject/internal/Errors;)Ljava/util/List;+122
j  com.google.inject.internal.InternalInjectorCreator.build()Lcom/google/inject/Injector;+48
j  com.google.inject.Guice.createInjector(Lcom/google/inject/Stage;Ljava/lang/Iterable;)Lcom/google/inject/Injector;+15
j  com.google.inject.Guice.createInjector(Ljava/lang/Iterable;)Lcom/google/inject/Injector;+4
j  com.google.inject.Guice.createInjector([Lcom/google/inject/Module;)Lcom/google/inject/Injector;+4
j  org.codehaus.plexus.DefaultPlexusContainer.addPlexusInjector(Ljava/util/List;[Lcom/google/inject/Module;)Lcom/google/inject/Injector;+88
j  org.codehaus.plexus.DefaultPlexusContainer.<init>(Lorg/codehaus/plexus/ContainerConfiguration;[Lcom/google/inject/Module;)V+396
j  org.eclipse.m2e.core.internal.embedder.PlexusContainerManager.newPlexusContainer(Ljava/io/File;Lorg/codehaus/plexus/logging/LoggerManager;Lorg/eclipse/m2e/core/embedder/IMavenConfiguration;)Lorg/codehaus/plexus/DefaultPlexusContainer;+205
j  org.eclipse.m2e.core.internal.embedder.PlexusContainerManager.aquire()Lorg/codehaus/plexus/PlexusContainer;+28
j  org.eclipse.m2e.core.internal.embedder.MavenImpl.getPlexusContainer()Lorg/codehaus/plexus/PlexusContainer;+4
j  org.eclipse.m2e.core.internal.embedder.MavenImpl.lookup(Ljava/lang/Class;)Ljava/lang/Object;+8
j  org.eclipse.m2e.core.internal.embedder.MavenImpl.getSettings(Z)Lorg/apache/maven/settings/Settings;+182
j  org.eclipse.m2e.core.internal.embedder.MavenImpl.getSettings()Lorg/apache/maven/settings/Settings;+2
j  org.eclipse.m2e.core.internal.repository.RepositoryRegistry.updateRegistry(Lorg/eclipse/core/runtime/IProgressMonitor;)V+4
j  org.eclipse.m2e.core.internal.repository.RepositoryRegistryUpdateJob.run(Lorg/eclipse/core/runtime/IProgressMonitor;)Lorg/eclipse/core/runtime/IStatus;+27
j  org.eclipse.core.internal.jobs.Worker.run()V+32
v  ~StubRoutines::call_stub

---------------  P R O C E S S  ---------------

Threads class SMR info:
_java_thread_list=0x00000275af06f200, length=31, elements={
0x00000275963b4b20, 0x00000275aa1c3030, 0x00000275aa1c3af0, 0x00000275aa1eff20,
0x00000275aa1f09e0, 0x00000275aa205420, 0x00000275aa207de0, 0x00000275aa208b70,
0x00000275aa20a5c0, 0x00000275aa213300, 0x0000027596473170, 0x00000275abde6e70,
0x00000275ac4bfc90, 0x00000275ac4c2170, 0x00000275ac4c2640, 0x00000275ac4c2b10,
0x00000275ac35d970, 0x00000275ac38bec0, 0x00000275ac38c390, 0x00000275ac7c4280,
0x00000275ac71c5d0, 0x00000275ac71f120, 0x00000275ac71e2b0, 0x00000275ac71cf70,
0x00000275ac71bc30, 0x00000275ac71d910, 0x00000275ac71dde0, 0x00000275ac71ec50,
0x00000275ac71caa0, 0x00000275ac71f5f0, 0x00000275af679880
}

Java Threads: ( => current thread )
  0x00000275963b4b20 JavaThread "main" [_thread_blocked, id=5228, stack(0x000000e0f8e00000,0x000000e0f8f00000)]
  0x00000275aa1c3030 JavaThread "Reference Handler" daemon [_thread_blocked, id=2792, stack(0x000000e0f9100000,0x000000e0f9200000)]
  0x00000275aa1c3af0 JavaThread "Finalizer" daemon [_thread_blocked, id=17636, stack(0x000000e0f9200000,0x000000e0f9300000)]
  0x00000275aa1eff20 JavaThread "Signal Dispatcher" daemon [_thread_blocked, id=16540, stack(0x000000e0f9300000,0x000000e0f9400000)]
  0x00000275aa1f09e0 JavaThread "Attach Listener" daemon [_thread_blocked, id=9348, stack(0x000000e0f9400000,0x000000e0f9500000)]
  0x00000275aa205420 JavaThread "Service Thread" daemon [_thread_blocked, id=10392, stack(0x000000e0f9500000,0x000000e0f9600000)]
  0x00000275aa207de0 JavaThread "Monitor Deflation Thread" daemon [_thread_blocked, id=7764, stack(0x000000e0f9600000,0x000000e0f9700000)]
  0x00000275aa208b70 JavaThread "C2 CompilerThread0" daemon [_thread_blocked, id=9892, stack(0x000000e0f9700000,0x000000e0f9800000)]
  0x00000275aa20a5c0 JavaThread "C1 CompilerThread0" daemon [_thread_blocked, id=16224, stack(0x000000e0f9800000,0x000000e0f9900000)]
  0x00000275aa213300 JavaThread "Sweeper thread" daemon [_thread_blocked, id=11572, stack(0x000000e0f9900000,0x000000e0f9a00000)]
  0x0000027596473170 JavaThread "Common-Cleaner" daemon [_thread_blocked, id=8076, stack(0x000000e0f9a00000,0x000000e0f9b00000)]
  0x00000275abde6e70 JavaThread "Notification Thread" daemon [_thread_blocked, id=14628, stack(0x000000e0f9b00000,0x000000e0f9c00000)]
  0x00000275ac4bfc90 JavaThread "Equinox resolver thread - Equinox Container: 42651b0a-1d6b-4a69-aa26-30beb9bf4cf0" daemon [_thread_blocked, id=17220, stack(0x000000e0f9e00000,0x000000e0f9f00000)]
  0x00000275ac4c2170 JavaThread "Equinox resolver thread - Equinox Container: 42651b0a-1d6b-4a69-aa26-30beb9bf4cf0" daemon [_thread_blocked, id=9520, stack(0x000000e0f9f00000,0x000000e0fa000000)]
  0x00000275ac4c2640 JavaThread "Equinox resolver thread - Equinox Container: 42651b0a-1d6b-4a69-aa26-30beb9bf4cf0" daemon [_thread_blocked, id=11864, stack(0x000000e0fa000000,0x000000e0fa100000)]
  0x00000275ac4c2b10 JavaThread "Equinox resolver thread - Equinox Container: 42651b0a-1d6b-4a69-aa26-30beb9bf4cf0" daemon [_thread_blocked, id=2496, stack(0x000000e0fa100000,0x000000e0fa200000)]
  0x00000275ac35d970 JavaThread "Active Thread: Equinox Container: 42651b0a-1d6b-4a69-aa26-30beb9bf4cf0" [_thread_blocked, id=9224, stack(0x000000e0fa200000,0x000000e0fa300000)]
  0x00000275ac38bec0 JavaThread "Framework Event Dispatcher: Equinox Container: 42651b0a-1d6b-4a69-aa26-30beb9bf4cf0" daemon [_thread_blocked, id=7552, stack(0x000000e0f9d00000,0x000000e0f9e00000)]
  0x00000275ac38c390 JavaThread "Start Level: Equinox Container: 42651b0a-1d6b-4a69-aa26-30beb9bf4cf0" daemon [_thread_blocked, id=8540, stack(0x000000e0fa300000,0x000000e0fa400000)]
  0x00000275ac7c4280 JavaThread "Refresh Thread: Equinox Container: 42651b0a-1d6b-4a69-aa26-30beb9bf4cf0" daemon [_thread_blocked, id=516, stack(0x000000e0fa700000,0x000000e0fa800000)]
  0x00000275ac71c5d0 JavaThread "SCR Component Actor" daemon [_thread_blocked, id=2672, stack(0x000000e0fa800000,0x000000e0fa900000)]
  0x00000275ac71f120 JavaThread "Timer-0" [_thread_blocked, id=14844, stack(0x000000e0fa900000,0x000000e0faa00000)]
  0x00000275ac71e2b0 JavaThread "Worker-JM" [_thread_blocked, id=12504, stack(0x000000e0faa00000,0x000000e0fab00000)]
  0x00000275ac71cf70 JavaThread "Worker-0: Updating Maven Dependencies" [_thread_blocked, id=15076, stack(0x000000e0fab00000,0x000000e0fac00000)]
=>0x00000275ac71bc30 JavaThread "Worker-1: Repository registry initialization" [_thread_in_vm, id=9080, stack(0x000000e0fac00000,0x000000e0fad00000)]
  0x00000275ac71d910 JavaThread "Bundle File Closer" daemon [_thread_blocked, id=3300, stack(0x000000e0fad00000,0x000000e0fae00000)]
  0x00000275ac71dde0 JavaThread "Java indexing" daemon [_thread_blocked, id=18204, stack(0x000000e0fae00000,0x000000e0faf00000)]
  0x00000275ac71ec50 JavaThread "Worker-2" [_thread_blocked, id=15128, stack(0x000000e0fb100000,0x000000e0fb200000)]
  0x00000275ac71caa0 JavaThread "Worker-3" [_thread_blocked, id=12232, stack(0x000000e0fb200000,0x000000e0fb300000)]
  0x00000275ac71f5f0 JavaThread "pool-1-thread-1" [_thread_blocked, id=15328, stack(0x000000e0fb300000,0x000000e0fb400000)]
  0x00000275af679880 JavaThread "Worker-4" [_thread_blocked, id=14920, stack(0x000000e0fb400000,0x000000e0fb500000)]

Other Threads:
  0x00000275aa1aafe0 VMThread "VM Thread" [stack: 0x000000e0f9000000,0x000000e0f9100000] [id=13008] _threads_hazard_ptr=0x00000275af06f200
  0x00000275abde7340 WatcherThread [stack: 0x000000e0f9c00000,0x000000e0f9d00000] [id=12800]
  0x00000275963ca680 GCTaskThread "GC Thread#0" [stack: 0x000000e0f8f00000,0x000000e0f9000000] [id=7700]
  0x00000275ac4d2fa0 GCTaskThread "GC Thread#1" [stack: 0x000000e0fa400000,0x000000e0fa500000] [id=9164]
  0x00000275ac38c860 GCTaskThread "GC Thread#2" [stack: 0x000000e0fa500000,0x000000e0fa600000] [id=15828]
  0x00000275ac383e10 GCTaskThread "GC Thread#3" [stack: 0x000000e0fa600000,0x000000e0fa700000] [id=15496]

Threads with active compile tasks:

VM state: not at safepoint (normal execution)

VM Mutex/Monitor currently owned by a thread:  ([mutex/lock_event])
[0x00000275963af550] Metaspace_lock - owner thread: 0x00000275ac71bc30
[0x00000275963b17f0] Compile_lock - owner thread: 0x00000275ac71f5f0

Heap address: 0x00000000c0000000, size: 1024 MB, Compressed Oops mode: 32-bit

CDS archive(s) not mapped
Compressed class space mapped at: 0x0000000100000000-0x0000000140000000, reserved size: 1073741824
Narrow klass base: 0x0000000000000000, Narrow klass shift: 3, Narrow klass range: 0x140000000

GC Precious Log:
 CPUs: 4 total, 4 available
 Memory: 8058M
 Large Page Support: Disabled
 NUMA Support: Disabled
 Compressed Oops: Enabled (32-bit)
 Alignments: Space 512K, Generation 512K, Heap 2M
 Heap Min Capacity: 100M
 Heap Initial Capacity: 100M
 Heap Max Capacity: 1G
 Pre-touch: Disabled
 Parallel Workers: 4

Heap:
 PSYoungGen      total 27648K, used 20359K [0x00000000eab00000, 0x00000000eca80000, 0x0000000100000000)
  eden space 24576K, 82% used [0x00000000eab00000,0x00000000ebee1fd0,0x00000000ec300000)
  from space 3072K, 0% used [0x00000000ec680000,0x00000000ec680000,0x00000000ec980000)
  to   space 3584K, 0% used [0x00000000ec300000,0x00000000ec300000,0x00000000ec680000)
 ParOldGen       total 68608K, used 12375K [0x00000000c0000000, 0x00000000c4300000, 0x00000000eab00000)
  object space 68608K, 18% used [0x00000000c0000000,0x00000000c0c15c30,0x00000000c4300000)
 Metaspace       used 38336K, committed 38976K, reserved 1089536K
  class space    used 4051K, committed 4352K, reserved 1048576K

Card table byte_map: [0x0000027595da0000,0x0000027595fb0000] _byte_map_base: 0x00000275957a0000

Marking Bits: (ParMarkBitMap*) 0x00007fff2c944b80
 Begin Bits: [0x00000275a8040000, 0x00000275a9040000)
 End Bits:   [0x00000275a9040000, 0x00000275aa040000)

Polling page: 0x0000027595b90000

Metaspace:

Usage:
  Non-class:     33.48 MB used.
      Class:      3.96 MB used.
       Both:     37.44 MB used.

Virtual space:
  Non-class space:       40.00 MB reserved,      33.81 MB ( 85%) committed,  5 nodes.
      Class space:        1.00 GB reserved,       4.25 MB ( <1%) committed,  1 nodes.
             Both:        1.04 GB reserved,      38.06 MB (  4%) committed. 

Chunk freelists:
   Non-Class:  1.55 MB
       Class:  3.67 MB
        Both:  5.22 MB

MaxMetaspaceSize: unlimited
CompressedClassSpaceSize: 1.00 GB
Initial GC threshold: 21.00 MB
Current GC threshold: 58.38 MB
CDS: off
MetaspaceReclaimPolicy: balanced
 - commit_granule_bytes: 65536.
 - commit_granule_words: 8192.
 - virtual_space_node_default_size: 1048576.
 - enlarge_chunks_in_place: 1.
 - new_chunks_are_fully_committed: 0.
 - uncommit_free_chunks: 1.
 - use_allocation_guard: 0.
 - handle_deallocations: 1.


Internal statistics:

num_allocs_failed_limit: 6.
num_arena_births: 220.
num_arena_deaths: 0.
num_vsnodes_births: 6.
num_vsnodes_deaths: 0.
num_space_committed: 609.
num_space_uncommitted: 0.
num_chunks_returned_to_freelist: 6.
num_chunks_taken_from_freelist: 1462.
num_chunk_merges: 6.
num_chunk_splits: 951.
num_chunks_enlarged: 612.
num_purges: 0.
num_inconsistent_stats: 0.

CodeHeap 'non-profiled nmethods': size=120000Kb used=1486Kb max_used=1486Kb free=118513Kb
 bounds [0x00000275a0b10000, 0x00000275a0d80000, 0x00000275a8040000]
CodeHeap 'profiled nmethods': size=120000Kb used=7922Kb max_used=7922Kb free=112077Kb
 bounds [0x00000275995e0000, 0x0000027599da0000, 0x00000275a0b10000]
CodeHeap 'non-nmethods': size=5760Kb used=1251Kb max_used=1297Kb free=4508Kb
 bounds [0x0000027599040000, 0x00000275992b0000, 0x00000275995e0000]
 total_blobs=4339 nmethods=3764 adapters=488
 compilation: enabled
              stopped_count=0, restarted_count=0
 full_count=0

Compilation events (20 events):
Event: 13.849 Thread 0x00000275aa20a5c0 nmethod 3778 0x0000027599d98390 code [0x0000027599d98520, 0x0000027599d98658]
Event: 13.853 Thread 0x00000275aa20a5c0 3779       3       jdk.internal.org.objectweb.asm.ClassWriter::visitField (53 bytes)
Event: 13.856 Thread 0x00000275aa20a5c0 nmethod 3779 0x0000027599d98710 code [0x0000027599d988c0, 0x0000027599d98b48]
Event: 13.856 Thread 0x00000275aa20a5c0 3780       3       jdk.internal.org.objectweb.asm.FieldWriter::<init> (69 bytes)
Event: 13.857 Thread 0x00000275aa20a5c0 nmethod 3780 0x0000027599d98c90 code [0x0000027599d98e80, 0x0000027599d99208]
Event: 13.857 Thread 0x00000275aa20a5c0 3775       3       java.util.Formatter$Flags::contains (22 bytes)
Event: 13.857 Thread 0x00000275aa20a5c0 nmethod 3775 0x0000027599d99410 code [0x0000027599d995a0, 0x0000027599d99758]
Event: 13.857 Thread 0x00000275aa20a5c0 3776       3       sun.reflect.annotation.AnnotationParser$1::run (40 bytes)
Event: 13.858 Thread 0x00000275aa20a5c0 nmethod 3776 0x0000027599d99810 code [0x0000027599d99a80, 0x0000027599d9a858]
Event: 13.859 Thread 0x00000275aa208b70 nmethod 3762 0x00000275a0c81190 code [0x00000275a0c81320, 0x00000275a0c815b8]
Event: 13.859 Thread 0x00000275aa208b70 3770       4       java.lang.StringBuilder::append (8 bytes)
Event: 13.861 Thread 0x00000275aa20a5c0 3781   !   3       java.util.zip.ZipFile$Source::getEntryPos (173 bytes)
Event: 13.862 Thread 0x00000275aa20a5c0 nmethod 3781 0x0000027599d9ac90 code [0x0000027599d9af80, 0x0000027599d9c068]
Event: 13.864 Thread 0x00000275aa208b70 nmethod 3770 0x00000275a0c81710 code [0x00000275a0c818c0, 0x00000275a0c81db8]
Event: 13.864 Thread 0x00000275aa208b70 3767  s    4       java.util.Hashtable::put (104 bytes)
Event: 13.876 Thread 0x00000275aa208b70 nmethod 3767 0x00000275a0c82090 code [0x00000275a0c82280, 0x00000275a0c82c40]
Event: 13.876 Thread 0x00000275aa208b70 3757       4       java.lang.AbstractStringBuilder::appendChars (130 bytes)
Event: 13.881 Thread 0x00000275aa208b70 nmethod 3757 0x00000275a0c83210 code [0x00000275a0c83380, 0x00000275a0c83678]
Event: 13.881 Thread 0x00000275aa208b70 3777       4       java.util.zip.ZipFile$Source::getEntryHash (7 bytes)
Event: 13.881 Thread 0x00000275aa208b70 nmethod 3777 0x00000275a0c83790 code [0x00000275a0c83900, 0x00000275a0c839b8]

GC Heap History (16 events):
Event: 4.247 GC heap before
{Heap before GC invocations=1 (full 0):
 PSYoungGen      total 29696K, used 25600K [0x00000000eab00000, 0x00000000ecc00000, 0x0000000100000000)
  eden space 25600K, 100% used [0x00000000eab00000,0x00000000ec400000,0x00000000ec400000)
  from space 4096K, 0% used [0x00000000ec800000,0x00000000ec800000,0x00000000ecc00000)
  to   space 4096K, 0% used [0x00000000ec400000,0x00000000ec400000,0x00000000ec800000)
 ParOldGen       total 68608K, used 0K [0x00000000c0000000, 0x00000000c4300000, 0x00000000eab00000)
  object space 68608K, 0% used [0x00000000c0000000,0x00000000c0000000,0x00000000c4300000)
 Metaspace       used 12823K, committed 12992K, reserved 1064960K
  class space    used 1302K, committed 1344K, reserved 1048576K
}
Event: 4.257 GC heap after
{Heap after GC invocations=1 (full 0):
 PSYoungGen      total 29696K, used 3432K [0x00000000eab00000, 0x00000000ecc00000, 0x0000000100000000)
  eden space 25600K, 0% used [0x00000000eab00000,0x00000000eab00000,0x00000000ec400000)
  from space 4096K, 83% used [0x00000000ec400000,0x00000000ec75a2d8,0x00000000ec800000)
  to   space 4096K, 0% used [0x00000000ec800000,0x00000000ec800000,0x00000000ecc00000)
 ParOldGen       total 68608K, used 8K [0x00000000c0000000, 0x00000000c4300000, 0x00000000eab00000)
  object space 68608K, 0% used [0x00000000c0000000,0x00000000c0002000,0x00000000c4300000)
 Metaspace       used 12823K, committed 12992K, reserved 1064960K
  class space    used 1302K, committed 1344K, reserved 1048576K
}
Event: 4.776 GC heap before
{Heap before GC invocations=2 (full 0):
 PSYoungGen      total 29696K, used 29032K [0x00000000eab00000, 0x00000000ecc00000, 0x0000000100000000)
  eden space 25600K, 100% used [0x00000000eab00000,0x00000000ec400000,0x00000000ec400000)
  from space 4096K, 83% used [0x00000000ec400000,0x00000000ec75a2d8,0x00000000ec800000)
  to   space 4096K, 0% used [0x00000000ec800000,0x00000000ec800000,0x00000000ecc00000)
 ParOldGen       total 68608K, used 8K [0x00000000c0000000, 0x00000000c4300000, 0x00000000eab00000)
  object space 68608K, 0% used [0x00000000c0000000,0x00000000c0002000,0x00000000c4300000)
 Metaspace       used 13284K, committed 13440K, reserved 1064960K
  class space    used 1335K, committed 1408K, reserved 1048576K
}
Event: 4.783 GC heap after
{Heap after GC invocations=2 (full 0):
 PSYoungGen      total 29696K, used 4072K [0x00000000eab00000, 0x00000000ecc00000, 0x0000000100000000)
  eden space 25600K, 0% used [0x00000000eab00000,0x00000000eab00000,0x00000000ec400000)
  from space 4096K, 99% used [0x00000000ec800000,0x00000000ecbfa090,0x00000000ecc00000)
  to   space 4096K, 0% used [0x00000000ec400000,0x00000000ec400000,0x00000000ec800000)
 ParOldGen       total 68608K, used 4237K [0x00000000c0000000, 0x00000000c4300000, 0x00000000eab00000)
  object space 68608K, 6% used [0x00000000c0000000,0x00000000c0423720,0x00000000c4300000)
 Metaspace       used 13284K, committed 13440K, reserved 1064960K
  class space    used 1335K, committed 1408K, reserved 1048576K
}
Event: 6.932 GC heap before
{Heap before GC invocations=3 (full 0):
 PSYoungGen      total 29696K, used 29662K [0x00000000eab00000, 0x00000000ecc00000, 0x0000000100000000)
  eden space 25600K, 99% used [0x00000000eab00000,0x00000000ec3fda80,0x00000000ec400000)
  from space 4096K, 99% used [0x00000000ec800000,0x00000000ecbfa090,0x00000000ecc00000)
  to   space 4096K, 0% used [0x00000000ec400000,0x00000000ec400000,0x00000000ec800000)
 ParOldGen       total 68608K, used 4237K [0x00000000c0000000, 0x00000000c4300000, 0x00000000eab00000)
  object space 68608K, 6% used [0x00000000c0000000,0x00000000c0423720,0x00000000c4300000)
 Metaspace       used 19896K, committed 20288K, reserved 1073152K
  class space    used 2011K, committed 2176K, reserved 1048576K
}
Event: 6.943 GC heap after
{Heap after GC invocations=3 (full 0):
 PSYoungGen      total 29696K, used 4086K [0x00000000eab00000, 0x00000000ecc00000, 0x0000000100000000)
  eden space 25600K, 0% used [0x00000000eab00000,0x00000000eab00000,0x00000000ec400000)
  from space 4096K, 99% used [0x00000000ec400000,0x00000000ec7fdb00,0x00000000ec800000)
  to   space 4096K, 0% used [0x00000000ec800000,0x00000000ec800000,0x00000000ecc00000)
 ParOldGen       total 68608K, used 9392K [0x00000000c0000000, 0x00000000c4300000, 0x00000000eab00000)
  object space 68608K, 13% used [0x00000000c0000000,0x00000000c092c3b0,0x00000000c4300000)
 Metaspace       used 19896K, committed 20288K, reserved 1073152K
  class space    used 2011K, committed 2176K, reserved 1048576K
}
Event: 11.494 GC heap before
{Heap before GC invocations=4 (full 0):
 PSYoungGen      total 29696K, used 10213K [0x00000000eab00000, 0x00000000ecc00000, 0x0000000100000000)
  eden space 25600K, 23% used [0x00000000eab00000,0x00000000eb0fbac0,0x00000000ec400000)
  from space 4096K, 99% used [0x00000000ec400000,0x00000000ec7fdb00,0x00000000ec800000)
  to   space 4096K, 0% used [0x00000000ec800000,0x00000000ec800000,0x00000000ecc00000)
 ParOldGen       total 68608K, used 9392K [0x00000000c0000000, 0x00000000c4300000, 0x00000000eab00000)
  object space 68608K, 13% used [0x00000000c0000000,0x00000000c092c3b0,0x00000000c4300000)
 Metaspace       used 21091K, committed 21504K, reserved 1073152K
  class space    used 2146K, committed 2304K, reserved 1048576K
}
Event: 11.499 GC heap after
{Heap after GC invocations=4 (full 0):
 PSYoungGen      total 29696K, used 4095K [0x00000000eab00000, 0x00000000ecc00000, 0x0000000100000000)
  eden space 25600K, 0% used [0x00000000eab00000,0x00000000eab00000,0x00000000ec400000)
  from space 4096K, 99% used [0x00000000ec800000,0x00000000ecbffdd0,0x00000000ecc00000)
  to   space 4096K, 0% used [0x00000000ec400000,0x00000000ec400000,0x00000000ec800000)
 ParOldGen       total 68608K, used 10546K [0x00000000c0000000, 0x00000000c4300000, 0x00000000eab00000)
  object space 68608K, 15% used [0x00000000c0000000,0x00000000c0a4c908,0x00000000c4300000)
 Metaspace       used 21091K, committed 21504K, reserved 1073152K
  class space    used 2146K, committed 2304K, reserved 1048576K
}
Event: 11.499 GC heap before
{Heap before GC invocations=5 (full 1):
 PSYoungGen      total 29696K, used 4095K [0x00000000eab00000, 0x00000000ecc00000, 0x0000000100000000)
  eden space 25600K, 0% used [0x00000000eab00000,0x00000000eab00000,0x00000000ec400000)
  from space 4096K, 99% used [0x00000000ec800000,0x00000000ecbffdd0,0x00000000ecc00000)
  to   space 4096K, 0% used [0x00000000ec400000,0x00000000ec400000,0x00000000ec800000)
 ParOldGen       total 68608K, used 10546K [0x00000000c0000000, 0x00000000c4300000, 0x00000000eab00000)
  object space 68608K, 15% used [0x00000000c0000000,0x00000000c0a4c908,0x00000000c4300000)
 Metaspace       used 21091K, committed 21504K, reserved 1073152K
  class space    used 2146K, committed 2304K, reserved 1048576K
}
Event: 11.522 GC heap after
{Heap after GC invocations=5 (full 1):
 PSYoungGen      total 29696K, used 0K [0x00000000eab00000, 0x00000000ecc00000, 0x0000000100000000)
  eden space 25600K, 0% used [0x00000000eab00000,0x00000000eab00000,0x00000000ec400000)
  from space 4096K, 0% used [0x00000000ec800000,0x00000000ec800000,0x00000000ecc00000)
  to   space 4096K, 0% used [0x00000000ec400000,0x00000000ec400000,0x00000000ec800000)
 ParOldGen       total 68608K, used 10413K [0x00000000c0000000, 0x00000000c4300000, 0x00000000eab00000)
  object space 68608K, 15% used [0x00000000c0000000,0x00000000c0a2b780,0x00000000c4300000)
 Metaspace       used 21091K, committed 21504K, reserved 1073152K
  class space    used 2146K, committed 2304K, reserved 1048576K
}
Event: 12.004 GC heap before
{Heap before GC invocations=6 (full 1):
 PSYoungGen      total 29696K, used 25600K [0x00000000eab00000, 0x00000000ecc00000, 0x0000000100000000)
  eden space 25600K, 100% used [0x00000000eab00000,0x00000000ec400000,0x00000000ec400000)
  from space 4096K, 0% used [0x00000000ec800000,0x00000000ec800000,0x00000000ecc00000)
  to   space 4096K, 0% used [0x00000000ec400000,0x00000000ec400000,0x00000000ec800000)
 ParOldGen       total 68608K, used 10413K [0x00000000c0000000, 0x00000000c4300000, 0x00000000eab00000)
  object space 68608K, 15% used [0x00000000c0000000,0x00000000c0a2b780,0x00000000c4300000)
 Metaspace       used 27741K, committed 28224K, reserved 1081344K
  class space    used 2698K, committed 2880K, reserved 1048576K
}
Event: 12.005 GC heap after
{Heap after GC invocations=6 (full 1):
 PSYoungGen      total 26112K, used 891K [0x00000000eab00000, 0x00000000ec980000, 0x0000000100000000)
  eden space 25088K, 0% used [0x00000000eab00000,0x00000000eab00000,0x00000000ec380000)
  from space 1024K, 87% used [0x00000000ec400000,0x00000000ec4def38,0x00000000ec500000)
  to   space 3072K, 0% used [0x00000000ec680000,0x00000000ec680000,0x00000000ec980000)
 ParOldGen       total 68608K, used 10421K [0x00000000c0000000, 0x00000000c4300000, 0x00000000eab00000)
  object space 68608K, 15% used [0x00000000c0000000,0x00000000c0a2d780,0x00000000c4300000)
 Metaspace       used 27741K, committed 28224K, reserved 1081344K
  class space    used 2698K, committed 2880K, reserved 1048576K
}
Event: 13.062 GC heap before
{Heap before GC invocations=7 (full 1):
 PSYoungGen      total 26112K, used 23285K [0x00000000eab00000, 0x00000000ec980000, 0x0000000100000000)
  eden space 25088K, 89% used [0x00000000eab00000,0x00000000ec0de6b0,0x00000000ec380000)
  from space 1024K, 87% used [0x00000000ec400000,0x00000000ec4def38,0x00000000ec500000)
  to   space 3072K, 0% used [0x00000000ec680000,0x00000000ec680000,0x00000000ec980000)
 ParOldGen       total 68608K, used 10421K [0x00000000c0000000, 0x00000000c4300000, 0x00000000eab00000)
  object space 68608K, 15% used [0x00000000c0000000,0x00000000c0a2d780,0x00000000c4300000)
 Metaspace       used 35241K, committed 35840K, reserved 1089536K
  class space    used 3648K, committed 3904K, reserved 1048576K
}
Event: 13.065 GC heap after
{Heap after GC invocations=7 (full 1):
 PSYoungGen      total 27648K, used 3056K [0x00000000eab00000, 0x00000000eca80000, 0x0000000100000000)
  eden space 24576K, 0% used [0x00000000eab00000,0x00000000eab00000,0x00000000ec300000)
  from space 3072K, 99% used [0x00000000ec680000,0x00000000ec97c128,0x00000000ec980000)
  to   space 3584K, 0% used [0x00000000ec300000,0x00000000ec300000,0x00000000ec680000)
 ParOldGen       total 68608K, used 10429K [0x00000000c0000000, 0x00000000c4300000, 0x00000000eab00000)
  object space 68608K, 15% used [0x00000000c0000000,0x00000000c0a2f780,0x00000000c4300000)
 Metaspace       used 35241K, committed 35840K, reserved 1089536K
  class space    used 3648K, committed 3904K, reserved 1048576K
}
Event: 13.065 GC heap before
{Heap before GC invocations=8 (full 2):
 PSYoungGen      total 27648K, used 3056K [0x00000000eab00000, 0x00000000eca80000, 0x0000000100000000)
  eden space 24576K, 0% used [0x00000000eab00000,0x00000000eab00000,0x00000000ec300000)
  from space 3072K, 99% used [0x00000000ec680000,0x00000000ec97c128,0x00000000ec980000)
  to   space 3584K, 0% used [0x00000000ec300000,0x00000000ec300000,0x00000000ec680000)
 ParOldGen       total 68608K, used 10429K [0x00000000c0000000, 0x00000000c4300000, 0x00000000eab00000)
  object space 68608K, 15% used [0x00000000c0000000,0x00000000c0a2f780,0x00000000c4300000)
 Metaspace       used 35241K, committed 35840K, reserved 1089536K
  class space    used 3648K, committed 3904K, reserved 1048576K
}
Event: 13.091 GC heap after
{Heap after GC invocations=8 (full 2):
 PSYoungGen      total 27648K, used 0K [0x00000000eab00000, 0x00000000eca80000, 0x0000000100000000)
  eden space 24576K, 0% used [0x00000000eab00000,0x00000000eab00000,0x00000000ec300000)
  from space 3072K, 0% used [0x00000000ec680000,0x00000000ec680000,0x00000000ec980000)
  to   space 3584K, 0% used [0x00000000ec300000,0x00000000ec300000,0x00000000ec680000)
 ParOldGen       total 68608K, used 12375K [0x00000000c0000000, 0x00000000c4300000, 0x00000000eab00000)
  object space 68608K, 18% used [0x00000000c0000000,0x00000000c0c15c30,0x00000000c4300000)
 Metaspace       used 35241K, committed 35840K, reserved 1089536K
  class space    used 3648K, committed 3904K, reserved 1048576K
}

Deoptimization events (20 events):
Event: 13.730 Thread 0x00000275ac71f5f0 DEOPT PACKING pc=0x00000275a0c3e974 sp=0x000000e0fb3fd1c0
Event: 13.730 Thread 0x00000275ac71f5f0 DEOPT UNPACKING pc=0x00000275990920a3 sp=0x000000e0fb3fd1a8 mode 2
Event: 13.732 Thread 0x00000275ac71f5f0 DEOPT PACKING pc=0x0000027599c71b1e sp=0x000000e0fb3fd0d0
Event: 13.732 Thread 0x00000275ac71f5f0 DEOPT UNPACKING pc=0x0000027599092843 sp=0x000000e0fb3fc5c8 mode 0
Event: 13.732 Thread 0x00000275ac71f5f0 Uncommon trap: trap_request=0xffffffbe fr.pc=0x00000275a0c3e974 relative=0x00000000000012f4
Event: 13.732 Thread 0x00000275ac71f5f0 Uncommon trap: reason=profile_predicate action=maybe_recompile pc=0x00000275a0c3e974 method=java.util.Properties.load0(Ljava/util/Properties$LineReader;)V @ 8 c2
Event: 13.732 Thread 0x00000275ac71f5f0 DEOPT PACKING pc=0x00000275a0c3e974 sp=0x000000e0fb3fd1c0
Event: 13.732 Thread 0x00000275ac71f5f0 DEOPT UNPACKING pc=0x00000275990920a3 sp=0x000000e0fb3fd1a8 mode 2
Event: 13.820 Thread 0x00000275ac71f5f0 Uncommon trap: trap_request=0xffffff45 fr.pc=0x00000275a0c7aee8 relative=0x0000000000000208
Event: 13.820 Thread 0x00000275ac71f5f0 Uncommon trap: reason=unstable_if action=reinterpret pc=0x00000275a0c7aee8 method=org.eclipse.osgi.storage.bundlefile.ZipBundleFile.getZipEntry(Ljava/lang/String;)Ljava/util/zip/ZipEntry; @ 14 c2
Event: 13.821 Thread 0x00000275ac71f5f0 DEOPT PACKING pc=0x00000275a0c7aee8 sp=0x000000e0fb3fdaf0
Event: 13.821 Thread 0x00000275ac71f5f0 DEOPT UNPACKING pc=0x00000275990920a3 sp=0x000000e0fb3fda18 mode 2
Event: 13.821 Thread 0x00000275ac71f5f0 Uncommon trap: trap_request=0xffffff45 fr.pc=0x00000275a0c38ebc relative=0x000000000000085c
Event: 13.821 Thread 0x00000275ac71f5f0 Uncommon trap: reason=unstable_if action=reinterpret pc=0x00000275a0c38ebc method=java.util.zip.ZipCoder.hash(Ljava/lang/String;)I @ 11 c2
Event: 13.823 Thread 0x00000275ac71f5f0 DEOPT PACKING pc=0x00000275a0c38ebc sp=0x000000e0fb3fd8f0
Event: 13.823 Thread 0x00000275ac71f5f0 DEOPT UNPACKING pc=0x00000275990920a3 sp=0x000000e0fb3fd840 mode 2
Event: 13.833 Thread 0x00000275ac71f5f0 Uncommon trap: trap_request=0xffffff45 fr.pc=0x00000275a0c7a7f8 relative=0x0000000000000138
Event: 13.833 Thread 0x00000275ac71f5f0 Uncommon trap: reason=unstable_if action=reinterpret pc=0x00000275a0c7a7f8 method=org.eclipse.osgi.storage.bundlefile.ZipBundleFile.getZipEntry(Ljava/lang/String;)Ljava/util/zip/ZipEntry; @ 14 c2
Event: 13.834 Thread 0x00000275ac71f5f0 DEOPT PACKING pc=0x00000275a0c7a7f8 sp=0x000000e0fb3fd900
Event: 13.834 Thread 0x00000275ac71f5f0 DEOPT UNPACKING pc=0x00000275990920a3 sp=0x000000e0fb3fd898 mode 2

Classes unloaded (0 events):
No events

Classes redefined (0 events):
No events

Internal exceptions (20 events):
Event: 12.060 Thread 0x00000275ac38c390 Exception <a 'java/io/FileNotFoundException'{0x00000000eae05ea8}> (0x00000000eae05ea8) 
thrown [e:\jenkins\tmp\workspace\build\src\src\hotspot\share\prims\jni.cpp, line 516]
Event: 12.102 Thread 0x00000275ac38c390 Exception <a 'java/lang/NoSuchMethodError'{0x00000000eae43978}: 'java.lang.Object java.lang.invoke.DirectMethodHandle$Holder.invokeStaticInit(java.lang.Object, int, int, int, int)'> (0x00000000eae43978) 
thrown [e:\jenkins\tmp\workspace\build\src\src\hotspot\share\interpreter\linkResolver.cpp, line 766]
Event: 12.282 Thread 0x00000275ac38c390 Exception <a 'java/lang/NoSuchMethodError'{0x00000000eaf12d50}: 'java.lang.Object java.lang.invoke.DirectMethodHandle$Holder.invokeStaticInit(java.lang.Object, java.lang.Object, int, int, int, int)'> (0x00000000eaf12d50) 
thrown [e:\jenkins\tmp\workspace\build\src\src\hotspot\share\interpreter\linkResolver.cpp, line 766]
Event: 12.324 Thread 0x00000275ac38c390 Exception <a 'sun/nio/fs/WindowsException'{0x00000000eaff4068}> (0x00000000eaff4068) 
thrown [e:\jenkins\tmp\workspace\build\src\src\hotspot\share\prims\jni.cpp, line 516]
Event: 12.325 Thread 0x00000275ac38c390 Exception <a 'sun/nio/fs/WindowsException'{0x00000000eaffd640}> (0x00000000eaffd640) 
thrown [e:\jenkins\tmp\workspace\build\src\src\hotspot\share\prims\jni.cpp, line 516]
Event: 12.325 Thread 0x00000275ac38c390 Exception <a 'sun/nio/fs/WindowsException'{0x00000000eaffdbe0}> (0x00000000eaffdbe0) 
thrown [e:\jenkins\tmp\workspace\build\src\src\hotspot\share\prims\jni.cpp, line 516]
Event: 12.366 Thread 0x00000275ac38c390 Exception <a 'java/lang/ClassNotFoundException'{0x00000000eb07fc60}: com/sun/org/apache/xml/internal/serializer/spi/XMLEntitiesProvider> (0x00000000eb07fc60) 
thrown [e:\jenkins\tmp\workspace\build\src\src\hotspot\share\classfile\systemDictionary.cpp, line 256]
Event: 12.494 Thread 0x00000275ac38c390 Exception <a 'java/io/FileNotFoundException'{0x00000000eb28df08}> (0x00000000eb28df08) 
thrown [e:\jenkins\tmp\workspace\build\src\src\hotspot\share\prims\jni.cpp, line 516]
Event: 12.590 Thread 0x00000275ac38c390 Exception <a 'java/lang/UnsatisfiedLinkError'{0x00000000eb3d5478}: The specified procedure could not be found.
> (0x00000000eb3d5478) 
thrown [e:\jenkins\tmp\workspace\build\src\src\hotspot\share\prims\jni.cpp, line 535]
Event: 12.595 Thread 0x00000275ac38c390 Exception <a 'java/io/FileNotFoundException'{0x00000000eb3e1260}> (0x00000000eb3e1260) 
thrown [e:\jenkins\tmp\workspace\build\src\src\hotspot\share\prims\jni.cpp, line 516]
Event: 12.604 Thread 0x00000275ac38c390 Exception <a 'java/io/FileNotFoundException'{0x00000000eb40b160}> (0x00000000eb40b160) 
thrown [e:\jenkins\tmp\workspace\build\src\src\hotspot\share\prims\jni.cpp, line 516]
Event: 12.617 Thread 0x00000275ac38c390 Exception <a 'java/lang/UnsatisfiedLinkError'{0x00000000eb511418}: The specified procedure could not be found.
> (0x00000000eb511418) 
thrown [e:\jenkins\tmp\workspace\build\src\src\hotspot\share\prims\jni.cpp, line 535]
Event: 12.692 Thread 0x00000275963b4b20 Exception <a 'java/io/FileNotFoundException'{0x00000000eb6457d8}> (0x00000000eb6457d8) 
thrown [e:\jenkins\tmp\workspace\build\src\src\hotspot\share\prims\jni.cpp, line 516]
Event: 12.763 Thread 0x00000275ac71cf70 Exception <a 'java/lang/NoSuchMethodError'{0x00000000ead2d268}: 'java.lang.Object java.lang.invoke.DirectMethodHandle$Holder.newInvokeSpecial(java.lang.Object, java.lang.Object, java.lang.Object, java.lang.Object, java.lang.Object)'> (0x00000000ead2d268) 
thrown [e:\jenkins\tmp\workspace\build\src\src\hotspot\share\interpreter\linkResolver.cpp, line 766]
Event: 12.892 Thread 0x00000275963b4b20 Exception <a 'java/lang/NoSuchMethodError'{0x00000000eb93e4a0}: 'void java.lang.invoke.DirectMethodHandle$Holder.invokeStatic(java.lang.Object, java.lang.Object, java.lang.Object, java.lang.Object)'> (0x00000000eb93e4a0) 
thrown [e:\jenkins\tmp\workspace\build\src\src\hotspot\share\interpreter\linkResolver.cpp, line 766]
Event: 13.020 Thread 0x00000275963b4b20 Exception <a 'java/lang/NoSuchMethodError'{0x00000000ebf91258}: 'void java.lang.invoke.DirectMethodHandle$Holder.invokeSpecial(java.lang.Object, java.lang.Object, java.lang.Object, java.lang.Object, java.lang.Object, java.lang.Object)'> (0x00000000ebf91258) 
thrown [e:\jenkins\tmp\workspace\build\src\src\hotspot\share\interpreter\linkResolver.cpp, line 766]
Event: 13.178 Thread 0x00000275ac71bc30 Exception <a 'java/lang/NoClassDefFoundError'{0x00000000eae6a838}: javax/enterprise/inject/Typed> (0x00000000eae6a838) 
thrown [e:\jenkins\tmp\workspace\build\src\src\hotspot\share\classfile\systemDictionary.cpp, line 245]
Event: 13.258 Thread 0x00000275ac71f5f0 Exception <a 'java/io/FileNotFoundException'{0x00000000eb04a8e8}> (0x00000000eb04a8e8) 
thrown [e:\jenkins\tmp\workspace\build\src\src\hotspot\share\prims\jni.cpp, line 516]
Event: 13.267 Thread 0x00000275ac71f5f0 Exception <a 'sun/nio/fs/WindowsException'{0x00000000eb1b0038}> (0x00000000eb1b0038) 
thrown [e:\jenkins\tmp\workspace\build\src\src\hotspot\share\prims\jni.cpp, line 516]
Event: 13.747 Thread 0x00000275ac71f5f0 Exception <a 'sun/nio/fs/WindowsException'{0x00000000ebdc6560}> (0x00000000ebdc6560) 
thrown [e:\jenkins\tmp\workspace\build\src\src\hotspot\share\prims\jni.cpp, line 516]

VM Operations (20 events):
Event: 12.574 Executing VM operation: HandshakeAllThreads
Event: 12.574 Executing VM operation: HandshakeAllThreads done
Event: 12.577 Executing VM operation: HandshakeAllThreads
Event: 12.577 Executing VM operation: HandshakeAllThreads done
Event: 12.794 Executing VM operation: HandshakeAllThreads
Event: 12.846 Executing VM operation: HandshakeAllThreads done
Event: 13.028 Executing VM operation: ICBufferFull
Event: 13.028 Executing VM operation: ICBufferFull done
Event: 13.046 Executing VM operation: CollectForMetadataAllocation
Event: 13.091 Executing VM operation: CollectForMetadataAllocation done
Event: 13.151 Executing VM operation: HandshakeAllThreads
Event: 13.151 Executing VM operation: HandshakeAllThreads done
Event: 13.428 Executing VM operation: HandshakeAllThreads
Event: 13.428 Executing VM operation: HandshakeAllThreads done
Event: 13.753 Executing VM operation: ICBufferFull
Event: 13.819 Executing VM operation: ICBufferFull done
Event: 13.825 Executing VM operation: HandshakeAllThreads
Event: 13.833 Executing VM operation: HandshakeAllThreads done
Event: 13.871 Executing VM operation: HandshakeAllThreads
Event: 13.871 Executing VM operation: HandshakeAllThreads done

Events (20 events):
Event: 13.424 loading class java/nio/channels/spi/AbstractInterruptibleChannel$1 done
Event: 13.426 loading class java/util/stream/Streams$1
Event: 13.426 loading class java/util/stream/Streams$1 done
Event: 13.427 loading class java/nio/file/FileChannelLinesSpliterator$1
Event: 13.427 loading class java/nio/file/FileChannelLinesSpliterator$1 done
Event: 13.680 loading class sun/net/www/protocol/https/Handler
Event: 13.680 loading class sun/net/www/protocol/http/Handler
Event: 13.681 loading class sun/net/www/protocol/http/Handler done
Event: 13.681 loading class sun/net/www/protocol/https/Handler done
Event: 13.747 Thread 0x00000275af679880 Thread added: 0x00000275af679880
Event: 13.751 loading class jdk/internal/math/FormattedFloatingDecimal$Form
Event: 13.751 loading class jdk/internal/math/FormattedFloatingDecimal$Form done
Event: 13.751 loading class jdk/internal/math/FormattedFloatingDecimal
Event: 13.751 loading class jdk/internal/math/FormattedFloatingDecimal done
Event: 13.751 loading class jdk/internal/math/FormattedFloatingDecimal$1
Event: 13.751 loading class jdk/internal/math/FormattedFloatingDecimal$1 done
Event: 13.751 loading class jdk/internal/math/FormattedFloatingDecimal$2
Event: 13.751 loading class jdk/internal/math/FormattedFloatingDecimal$2 done
Event: 13.859 loading class jdk/internal/reflect/UnsafeIntegerFieldAccessorImpl
Event: 13.859 loading class jdk/internal/reflect/UnsafeIntegerFieldAccessorImpl done


Dynamic libraries:
0x00007ff63cb40000 - 0x00007ff63cb4e000 	c:\Users\huyvu\.vscode\extensions\redhat.java-1.8.0-win32-x64\jre\17.0.3-win32-x86_64\bin\java.exe
0x00007fff7b1a0000 - 0x00007fff7b3a9000 	C:\Windows\SYSTEM32\ntdll.dll
0x00007fff7a890000 - 0x00007fff7a94d000 	C:\Windows\System32\KERNEL32.DLL
0x00007fff78c80000 - 0x00007fff78ff9000 	C:\Windows\System32\KERNELBASE.dll
0x00007fff78a70000 - 0x00007fff78b81000 	C:\Windows\System32\ucrtbase.dll
0x00007fff68f80000 - 0x00007fff68f98000 	c:\Users\huyvu\.vscode\extensions\redhat.java-1.8.0-win32-x64\jre\17.0.3-win32-x86_64\bin\jli.dll
0x00007fff55d30000 - 0x00007fff55d49000 	c:\Users\huyvu\.vscode\extensions\redhat.java-1.8.0-win32-x64\jre\17.0.3-win32-x86_64\bin\VCRUNTIME140.dll
0x00007fff7ac60000 - 0x00007fff7ae0c000 	C:\Windows\System32\USER32.dll
0x00007fff6cc60000 - 0x00007fff6cf05000 	C:\Windows\WinSxS\amd64_microsoft.windows.common-controls_6595b64144ccf1df_6.0.22000.120_none_9d947278b86cc467\COMCTL32.dll
0x00007fff79000000 - 0x00007fff79026000 	C:\Windows\System32\win32u.dll
0x00007fff7b030000 - 0x00007fff7b0d3000 	C:\Windows\System32\msvcrt.dll
0x00007fff79450000 - 0x00007fff79479000 	C:\Windows\System32\GDI32.dll
0x00007fff78740000 - 0x00007fff78852000 	C:\Windows\System32\gdi32full.dll
0x00007fff789d0000 - 0x00007fff78a6d000 	C:\Windows\System32\msvcp_win.dll
0x00007fff792f0000 - 0x00007fff79321000 	C:\Windows\System32\IMM32.DLL
0x00007fff74bc0000 - 0x00007fff74bcc000 	c:\Users\huyvu\.vscode\extensions\redhat.java-1.8.0-win32-x64\jre\17.0.3-win32-x86_64\bin\vcruntime140_1.dll
0x00007fff39b00000 - 0x00007fff39b91000 	c:\Users\huyvu\.vscode\extensions\redhat.java-1.8.0-win32-x64\jre\17.0.3-win32-x86_64\bin\msvcp140.dll
0x00007fff2bdc0000 - 0x00007fff2ca08000 	c:\Users\huyvu\.vscode\extensions\redhat.java-1.8.0-win32-x64\jre\17.0.3-win32-x86_64\bin\server\jvm.dll
0x00007fff79160000 - 0x00007fff7920e000 	C:\Windows\System32\ADVAPI32.dll
0x00007fff79030000 - 0x00007fff790ce000 	C:\Windows\System32\sechost.dll
0x00007fff79a30000 - 0x00007fff79b50000 	C:\Windows\System32\RPCRT4.dll
0x00007fff7ac50000 - 0x00007fff7ac58000 	C:\Windows\System32\PSAPI.DLL
0x00007fff72eb0000 - 0x00007fff72ee3000 	C:\Windows\SYSTEM32\WINMM.dll
0x00007fff74ae0000 - 0x00007fff74ae9000 	C:\Windows\SYSTEM32\WSOCK32.dll
0x00007fff72200000 - 0x00007fff7220a000 	C:\Windows\SYSTEM32\VERSION.dll
0x00007fff7abe0000 - 0x00007fff7ac4f000 	C:\Windows\System32\WS2_32.dll
0x00007fff77830000 - 0x00007fff77848000 	C:\Windows\SYSTEM32\kernel.appcore.dll
0x00007fff74b90000 - 0x00007fff74b9a000 	c:\Users\huyvu\.vscode\extensions\redhat.java-1.8.0-win32-x64\jre\17.0.3-win32-x86_64\bin\jimage.dll
0x00007fff76100000 - 0x00007fff76321000 	C:\Windows\SYSTEM32\DBGHELP.DLL
0x00007fff6f310000 - 0x00007fff6f341000 	C:\Windows\SYSTEM32\dbgcore.DLL
0x00007fff78c00000 - 0x00007fff78c7f000 	C:\Windows\System32\bcryptPrimitives.dll
0x00007fff50560000 - 0x00007fff50585000 	c:\Users\huyvu\.vscode\extensions\redhat.java-1.8.0-win32-x64\jre\17.0.3-win32-x86_64\bin\java.dll
0x00007fff50640000 - 0x00007fff50658000 	c:\Users\huyvu\.vscode\extensions\redhat.java-1.8.0-win32-x64\jre\17.0.3-win32-x86_64\bin\zip.dll
0x00007fff7a0d0000 - 0x00007fff7a888000 	C:\Windows\System32\SHELL32.dll
0x00007fff767c0000 - 0x00007fff77027000 	C:\Windows\SYSTEM32\windows.storage.dll
0x00007fff79b50000 - 0x00007fff79ec9000 	C:\Windows\System32\combase.dll
0x00007fff76650000 - 0x00007fff767b6000 	C:\Windows\SYSTEM32\wintypes.dll
0x00007fff794a0000 - 0x00007fff7958a000 	C:\Windows\System32\SHCORE.dll
0x00007fff7ab80000 - 0x00007fff7abdd000 	C:\Windows\System32\shlwapi.dll
0x00007fff785b0000 - 0x00007fff785d1000 	C:\Windows\SYSTEM32\profapi.dll
0x00007fff50540000 - 0x00007fff50559000 	C:\Users\huyvu\.vscode\extensions\redhat.java-1.8.0-win32-x64\jre\17.0.3-win32-x86_64\bin\net.dll
0x00007fff72a70000 - 0x00007fff72b7c000 	C:\Windows\SYSTEM32\WINHTTP.dll
0x00007fff77c50000 - 0x00007fff77cb7000 	C:\Windows\system32\mswsock.dll
0x00007fff50520000 - 0x00007fff50535000 	C:\Users\huyvu\.vscode\extensions\redhat.java-1.8.0-win32-x64\jre\17.0.3-win32-x86_64\bin\nio.dll
0x00007fff3aa50000 - 0x00007fff3aa8e000 	C:\Users\huyvu\AppData\Roaming\Code\User\globalStorage\redhat.java\1.8.0\config_win\org.eclipse.equinox.launcher\org.eclipse.equinox.launcher.win32.win32.x86_64_1.2.500.v20220509-0833\eclipse_11700.dll
0x00007fff79f30000 - 0x00007fff7a0ca000 	C:\Windows\System32\ole32.dll
0x00007fff730a0000 - 0x00007fff730a9000 	C:\Users\huyvu\.vscode\extensions\redhat.java-1.8.0-win32-x64\jre\17.0.3-win32-x86_64\bin\management.dll
0x00007fff6d2b0000 - 0x00007fff6d2bb000 	C:\Users\huyvu\.vscode\extensions\redhat.java-1.8.0-win32-x64\jre\17.0.3-win32-x86_64\bin\management_ext.dll
0x00007fff6cbe0000 - 0x00007fff6cbf0000 	c:\Users\huyvu\.vscode\extensions\redhat.java-1.8.0-win32-x64\jre\17.0.3-win32-x86_64\bin\verify.dll
0x00007fff77f20000 - 0x00007fff77f38000 	C:\Windows\SYSTEM32\CRYPTSP.dll
0x00007fff77790000 - 0x00007fff777c5000 	C:\Windows\system32\rsaenh.dll
0x00007fff77cf0000 - 0x00007fff77d19000 	C:\Windows\SYSTEM32\USERENV.dll
0x00007fff78060000 - 0x00007fff78087000 	C:\Windows\SYSTEM32\bcrypt.dll
0x00007fff77e40000 - 0x00007fff77e4c000 	C:\Windows\SYSTEM32\CRYPTBASE.dll
0x00007fff77360000 - 0x00007fff7738d000 	C:\Windows\SYSTEM32\IPHLPAPI.DLL
0x00007fff7aa50000 - 0x00007fff7aa59000 	C:\Windows\System32\NSI.dll
0x00007fff72990000 - 0x00007fff729a9000 	C:\Windows\SYSTEM32\dhcpcsvc6.DLL
0x00007fff72c80000 - 0x00007fff72c9e000 	C:\Windows\SYSTEM32\dhcpcsvc.DLL
0x00007fff77390000 - 0x00007fff77478000 	C:\Windows\SYSTEM32\DNSAPI.dll
0x00007fff39360000 - 0x00007fff393a4000 	C:\Users\huyvu\AppData\Local\Temp\jna-99651787\jna17486803353001282452.dll

dbghelp: loaded successfully - version: 4.0.5 - missing functions: none
symbol engine: initialized successfully - sym options: 0x614 - pdb path: .;c:\Users\huyvu\.vscode\extensions\redhat.java-1.8.0-win32-x64\jre\17.0.3-win32-x86_64\bin;C:\Windows\SYSTEM32;C:\Windows\WinSxS\amd64_microsoft.windows.common-controls_6595b64144ccf1df_6.0.22000.120_none_9d947278b86cc467;c:\Users\huyvu\.vscode\extensions\redhat.java-1.8.0-win32-x64\jre\17.0.3-win32-x86_64\bin\server;C:\Users\huyvu\AppData\Roaming\Code\User\globalStorage\redhat.java\1.8.0\config_win\org.eclipse.equinox.launcher\org.eclipse.equinox.launcher.win32.win32.x86_64_1.2.500.v20220509-0833;C:\Users\huyvu\AppData\Local\Temp\jna-99651787

VM Arguments:
jvm_args: --add-modules=ALL-SYSTEM --add-opens=java.base/java.util=ALL-UNNAMED --add-opens=java.base/java.lang=ALL-UNNAMED --add-opens=java.base/sun.nio.fs=ALL-UNNAMED -Declipse.application=org.eclipse.jdt.ls.core.id1 -Dosgi.bundles.defaultStartLevel=4 -Declipse.product=org.eclipse.jdt.ls.core.product -Djava.import.generatesMetadataFilesAtProjectRoot=false -Dfile.encoding=utf8 -DwatchParentProcess=false -XX:+UseParallelGC -XX:GCTimeRatio=4 -XX:AdaptiveSizePolicyWeight=90 -Dsun.zip.disableMemoryMapping=true -Xmx1G -Xms100m -XX:+HeapDumpOnOutOfMemoryError -XX:HeapDumpPath=c:\Users\huyvu\AppData\Roaming\Code\User\workspaceStorage\310357112df2df35eaca3c38d8a08810\redhat.java 
java_command: c:\Users\huyvu\.vscode\extensions\redhat.java-1.8.0-win32-x64\server\plugins\org.eclipse.equinox.launcher_1.6.400.v20210924-0641.jar -configuration c:\Users\huyvu\AppData\Roaming\Code\User\globalStorage\redhat.java\1.8.0\config_win -data c:\Users\huyvu\AppData\Roaming\Code\User\workspaceStorage\310357112df2df35eaca3c38d8a08810\redhat.java\jdt_ws
java_class_path (initial): c:\Users\huyvu\.vscode\extensions\redhat.java-1.8.0-win32-x64\server\plugins\org.eclipse.equinox.launcher_1.6.400.v20210924-0641.jar
Launcher Type: SUN_STANDARD

[Global flags]
    uintx AdaptiveSizePolicyWeight                 = 90                                        {product} {command line}
     intx CICompilerCount                          = 3                                         {product} {ergonomic}
    uintx GCTimeRatio                              = 4                                         {product} {command line}
     bool HeapDumpOnOutOfMemoryError               = true                                   {manageable} {command line}
    ccstr HeapDumpPath                             = c:\Users\huyvu\AppData\Roaming\Code\User\workspaceStorage\310357112df2df35eaca3c38d8a08810\redhat.java         {manageable} {command line}
   size_t InitialHeapSize                          = 104857600                                 {product} {command line}
   size_t MaxHeapSize                              = 1073741824                                {product} {command line}
   size_t MaxNewSize                               = 357564416                                 {product} {ergonomic}
   size_t MinHeapDeltaBytes                        = 524288                                    {product} {ergonomic}
   size_t MinHeapSize                              = 104857600                                 {product} {command line}
   size_t NewSize                                  = 34603008                                  {product} {ergonomic}
    uintx NonNMethodCodeHeapSize                   = 5832780                                {pd product} {ergonomic}
    uintx NonProfiledCodeHeapSize                  = 122912730                              {pd product} {ergonomic}
   size_t OldSize                                  = 70254592                                  {product} {ergonomic}
    uintx ProfiledCodeHeapSize                     = 122912730                              {pd product} {ergonomic}
    uintx ReservedCodeCacheSize                    = 251658240                              {pd product} {ergonomic}
     bool SegmentedCodeCache                       = true                                      {product} {ergonomic}
   size_t SoftMaxHeapSize                          = 1073741824                             {manageable} {ergonomic}
     bool UseCompressedClassPointers               = true                           {product lp64_product} {ergonomic}
     bool UseCompressedOops                        = true                           {product lp64_product} {ergonomic}
     bool UseLargePagesIndividualAllocation        = false                                  {pd product} {ergonomic}
     bool UseParallelGC                            = true                                      {product} {command line}

Logging:
Log output configuration:
 #0: stdout all=warning uptime,level,tags
 #1: stderr all=off uptime,level,tags

Environment Variables:
JAVA_HOME=C:\Program Files (x86)\Java\jdk1.8.0_202
PATH=C:\Program Files (x86)\Common Files\Oracle\Java\javapath;C:\Windows\system32;C:\Windows;C:\Windows\System32\Wbem;C:\Windows\System32\WindowsPowerShell\v1.0\;C:\Windows\System32\OpenSSH\;D:\Code\libs\apache-maven-3.8.5\bin;C:\Program Files\Microsoft SQL Server\Client SDK\ODBC\170\Tools\Binn\;C:\Program Files (x86)\Microsoft SQL Server\150\Tools\Binn\;C:\Program Files\Microsoft SQL Server\150\Tools\Binn\;C:\Program Files\Microsoft SQL Server\150\DTS\Binn\;C:\Program Files (x86)\Java\jdk1.8.0_202\bin;;C:\Program Files\Docker\Docker\resources\bin;C:\ProgramData\DockerDesktop\version-bin;C:\Users\huyvu\AppData\Local\Microsoft\WindowsApps;D:\Code\libs\apache-maven-3.8.5\bin;C:\Program Files\heroku\bin;C:\Users\huyvu\AppData\Local\GitHubDesktop\bin;C:\Program Files\Git\cmd;C:\Users\huyvu\AppData\Local\Programs\Microsoft VS Code\bin;D:\Code\libs\apache-maven-3.8.5\bin;;C:\Program Files\JetBrains\IntelliJ IDEA Community Edition 2022.1.3\bin;
USERNAME=huyvu
OS=Windows_NT
PROCESSOR_IDENTIFIER=Intel64 Family 6 Model 94 Stepping 3, GenuineIntel



---------------  S Y S T E M  ---------------

OS:
 Windows 11 , 64 bit Build 22000 (10.0.22000.708)
OS uptime: 1 days 8:00 hours
Hyper-V role detected

CPU: total 4 (initial active 4) (4 cores per cpu, 1 threads per core) family 6 model 94 stepping 3 microcode 0xd6, cx8, cmov, fxsr, mmx, 3dnowpref, sse, sse2, sse3, ssse3, sse4.1, sse4.2, popcnt, lzcnt, tsc, tscinvbit, avx, avx2, aes, erms, clmul, bmi1, bmi2, rtm, adx, fma, vzeroupper, clflush, clflushopt, hv

Memory: 4k page, system-wide physical 8058M (163M free)
TotalPageFile size 16058M (AvailPageFile size 227M)
current process WorkingSet (physical memory assigned to process): 154M, peak: 156M
current process commit charge ("private bytes"): 244M, peak: 246M

vm_info: OpenJDK 64-Bit Server VM (17.0.3+7) for windows-amd64 JRE (17.0.3+7), built on Apr 19 2022 16:55:35 by "" with MS VC++ 16.7 (VS2019)

END.
